<?xml version="1.0" encoding="UTF-8"?>
<coverage generated="1785302510091" clover="3.2.0">
  <project timestamp="1785302510092" name="All files">
    <metrics statements="345" coveredstatements="296" conditionals="278" coveredconditionals="206" methods="60" coveredmethods="53" elements="683" coveredelements="555" complexity="0" loc="345" ncloc="345" packages="6" files="16" classes="16"/>
    <package name="src.adapters">
      <metrics statements="36" coveredstatements="22" conditionals="24" coveredconditionals="14" methods="4" coveredmethods="3"/>
      <file name="config.ts" path="/mnt/E0AE8F90AE8F5DC2/pessoal/freestyler-holyrics/src/adapters/config.ts">
        <metrics statements="36" coveredstatements="22" conditionals="24" coveredconditionals="14" methods="4" coveredmethods="3"/>
        <line num="14" count="1" type="stmt"/>
        <line num="18" count="1" type="stmt"/>
        <line num="26" count="1" type="stmt"/>
        <line num="32" count="1" type="stmt"/>
        <line num="95" count="1" type="stmt"/>
        <line num="105" count="14" type="stmt"/>
        <line num="107" count="15" type="stmt"/>
        <line num="108" count="15" type="cond" truecount="1" falsecount="1"/>
        <line num="122" count="29" type="stmt"/>
        <line num="123" count="29" type="cond" truecount="2" falsecount="0"/>
        <line num="124" count="14" type="stmt"/>
        <line num="127" count="15" type="stmt"/>
        <line num="131" count="15" type="stmt"/>
        <line num="132" count="15" type="cond" truecount="4" falsecount="0"/>
        <line num="133" count="2" type="cond" truecount="2" falsecount="0"/>
        <line num="134" count="1" type="stmt"/>
        <line num="139" count="1" type="stmt"/>
        <line num="147" count="14" type="cond" truecount="2" falsecount="0"/>
        <line num="148" count="2" type="stmt"/>
        <line num="157" count="12" type="cond" truecount="2" falsecount="0"/>
        <line num="158" count="1" type="stmt"/>
        <line num="166" count="11" type="stmt"/>
        <line num="187" count="0" type="stmt"/>
        <line num="188" count="0" type="cond" truecount="0" falsecount="4"/>
        <line num="189" count="0" type="stmt"/>
        <line num="195" count="0" type="cond" truecount="0" falsecount="2"/>
        <line num="198" count="0" type="stmt"/>
        <line num="199" count="0" type="stmt"/>
        <line num="201" count="0" type="stmt"/>
        <line num="208" count="0" type="stmt"/>
        <line num="209" count="0" type="stmt"/>
        <line num="211" count="0" type="stmt"/>
        <line num="216" count="0" type="stmt"/>
        <line num="217" count="0" type="cond" truecount="0" falsecount="2"/>
        <line num="218" count="0" type="stmt"/>
        <line num="223" count="0" type="stmt"/>
      </file>
    </package>
    <package name="src.adapters.freestyler">
      <metrics statements="22" coveredstatements="22" conditionals="19" coveredconditionals="19" methods="6" coveredmethods="6"/>
      <file name="protocolo.ts" path="/mnt/E0AE8F90AE8F5DC2/pessoal/freestyler-holyrics/src/adapters/freestyler/protocolo.ts">
        <metrics statements="22" coveredstatements="22" conditionals="19" coveredconditionals="19" methods="6" coveredmethods="6"/>
        <line num="21" count="2" type="stmt"/>
        <line num="40" count="2" type="stmt"/>
        <line num="42" count="2" type="stmt"/>
        <line num="45" count="137" type="stmt"/>
        <line num="58" count="16" type="cond" truecount="5" falsecount="0"/>
        <line num="59" count="2" type="stmt"/>
        <line num="61" count="14" type="cond" truecount="2" falsecount="0"/>
        <line num="62" count="16" type="stmt"/>
        <line num="67" count="20" type="stmt"/>
        <line num="76" count="3" type="stmt"/>
        <line num="81" count="14" type="cond" truecount="2" falsecount="0"/>
        <line num="107" count="11" type="cond" truecount="2" falsecount="0"/>
        <line num="108" count="1" type="stmt"/>
        <line num="112" count="10" type="cond" truecount="2" falsecount="0"/>
        <line num="113" count="2" type="stmt"/>
        <line num="116" count="8" type="cond" truecount="2" falsecount="0"/>
        <line num="117" count="1" type="stmt"/>
        <line num="120" count="7" type="stmt"/>
        <line num="121" count="7" type="stmt"/>
        <line num="124" count="7" type="cond" truecount="2" falsecount="0"/>
        <line num="125" count="2" type="cond" truecount="2" falsecount="0"/>
        <line num="130" count="5" type="stmt"/>
      </file>
    </package>
    <package name="src.adapters.holyrics">
      <metrics statements="48" coveredstatements="25" conditionals="54" coveredconditionals="15" methods="7" coveredmethods="5"/>
      <file name="schema.ts" path="/mnt/E0AE8F90AE8F5DC2/pessoal/freestyler-holyrics/src/adapters/holyrics/schema.ts">
        <metrics statements="48" coveredstatements="25" conditionals="54" coveredconditionals="15" methods="7" coveredmethods="5"/>
        <line num="29" count="1" type="stmt"/>
        <line num="44" count="1" type="stmt"/>
        <line num="51" count="25" type="cond" truecount="2" falsecount="0"/>
        <line num="54" count="24" type="cond" truecount="2" falsecount="0"/>
        <line num="56" count="1" type="stmt"/>
        <line num="64" count="1" type="stmt"/>
        <line num="71" count="2" type="stmt"/>
        <line num="94" count="6" type="stmt"/>
        <line num="95" count="6" type="cond" truecount="1" falsecount="1"/>
        <line num="96" count="0" type="stmt"/>
        <line num="99" count="6" type="cond" truecount="1" falsecount="1"/>
        <line num="100" count="0" type="cond" truecount="0" falsecount="2"/>
        <line num="101" count="0" type="cond" truecount="0" falsecount="2"/>
        <line num="102" count="0" type="stmt"/>
        <line num="109" count="0" type="cond" truecount="0" falsecount="4"/>
        <line num="110" count="0" type="stmt"/>
        <line num="116" count="0" type="stmt"/>
        <line num="119" count="6" type="stmt"/>
        <line num="132" count="6" type="stmt"/>
        <line num="133" count="6" type="cond" truecount="1" falsecount="1"/>
        <line num="135" count="6" type="stmt"/>
        <line num="136" count="6" type="cond" truecount="4" falsecount="0"/>
        <line num="137" count="1" type="stmt"/>
        <line num="140" count="5" type="cond" truecount="2" falsecount="0"/>
        <line num="141" count="1" type="stmt"/>
        <line num="144" count="4" type="stmt"/>
        <line num="145" count="4" type="stmt"/>
        <line num="146" count="25" type="stmt"/>
        <line num="147" count="25" type="cond" truecount="2" falsecount="0"/>
        <line num="148" count="1" type="stmt"/>
        <line num="153" count="24" type="stmt"/>
        <line num="156" count="3" type="stmt"/>
        <line num="163" count="0" type="stmt"/>
        <line num="164" count="0" type="cond" truecount="0" falsecount="2"/>
        <line num="166" count="0" type="stmt"/>
        <line num="167" count="0" type="cond" truecount="0" falsecount="4"/>
        <line num="169" count="0" type="stmt"/>
        <line num="170" count="0" type="cond" truecount="0" falsecount="2"/>
        <line num="171" count="0" type="stmt"/>
        <line num="174" count="0" type="stmt"/>
        <line num="188" count="0" type="stmt"/>
        <line num="189" count="0" type="cond" truecount="0" falsecount="2"/>
        <line num="191" count="0" type="stmt"/>
        <line num="192" count="0" type="cond" truecount="0" falsecount="4"/>
        <line num="194" count="0" type="stmt"/>
        <line num="195" count="0" type="cond" truecount="0" falsecount="2"/>
        <line num="196" count="0" type="stmt"/>
        <line num="199" count="0" type="stmt"/>
      </file>
    </package>
    <package name="src.core">
      <metrics statements="108" coveredstatements="108" conditionals="108" coveredconditionals="108" methods="21" coveredmethods="21"/>
      <file name="backoff.ts" path="/mnt/E0AE8F90AE8F5DC2/pessoal/freestyler-holyrics/src/core/backoff.ts">
        <metrics statements="3" coveredstatements="3" conditionals="0" coveredconditionals="0" methods="1" coveredmethods="1"/>
        <line num="28" count="112" type="stmt"/>
        <line num="29" count="112" type="stmt"/>
        <line num="30" count="112" type="stmt"/>
      </file>
      <file name="color.ts" path="/mnt/E0AE8F90AE8F5DC2/pessoal/freestyler-holyrics/src/core/color.ts">
        <metrics statements="7" coveredstatements="7" conditionals="2" coveredconditionals="2" methods="3" coveredmethods="3"/>
        <line num="23" count="29" type="stmt"/>
        <line num="25" count="29" type="cond" truecount="2" falsecount="0"/>
        <line num="26" count="3" type="stmt"/>
        <line num="35" count="26" type="stmt"/>
        <line num="40" count="122" type="stmt"/>
        <line num="48" count="4" type="stmt"/>
        <line num="61" count="61" type="stmt"/>
      </file>
      <file name="events.ts" path="/mnt/E0AE8F90AE8F5DC2/pessoal/freestyler-holyrics/src/core/events.ts">
        <metrics statements="3" coveredstatements="3" conditionals="0" coveredconditionals="0" methods="2" coveredmethods="2"/>
        <line num="77" count="2" type="stmt"/>
        <line num="90" count="25" type="stmt"/>
        <line num="91" count="20" type="stmt"/>
      </file>
      <file name="grupo.ts" path="/mnt/E0AE8F90AE8F5DC2/pessoal/freestyler-holyrics/src/core/grupo.ts">
        <metrics statements="17" coveredstatements="17" conditionals="10" coveredconditionals="10" methods="5" coveredmethods="5"/>
        <line num="35" count="83" type="stmt"/>
        <line num="49" count="20" type="stmt"/>
        <line num="50" count="209" type="stmt"/>
        <line num="52" count="20" type="cond" truecount="2" falsecount="0"/>
        <line num="53" count="1" type="stmt"/>
        <line num="56" count="19" type="stmt"/>
        <line num="57" count="19" type="stmt"/>
        <line num="58" count="185" type="stmt"/>
        <line num="59" count="185" type="cond" truecount="2" falsecount="0"/>
        <line num="60" count="63" type="cond" truecount="2" falsecount="0"/>
        <line num="61" count="16" type="stmt"/>
        <line num="65" count="19" type="cond" truecount="2" falsecount="0"/>
        <line num="66" count="4" type="stmt"/>
        <line num="69" count="15" type="cond" truecount="2" falsecount="0"/>
        <line num="71" count="2" type="stmt"/>
        <line num="74" count="14" type="stmt"/>
        <line num="95" count="38" type="stmt"/>
      </file>
      <file name="heartbeat.ts" path="/mnt/E0AE8F90AE8F5DC2/pessoal/freestyler-holyrics/src/core/heartbeat.ts">
        <metrics statements="5" coveredstatements="5" conditionals="8" coveredconditionals="8" methods="2" coveredmethods="2"/>
        <line num="31" count="1" type="stmt"/>
        <line num="42" count="8" type="stmt"/>
        <line num="59" count="11" type="cond" truecount="2" falsecount="0"/>
        <line num="61" count="11" type="cond" truecount="2" falsecount="0"/>
        <line num="63" count="11" type="stmt"/>
      </file>
      <file name="presentation.ts" path="/mnt/E0AE8F90AE8F5DC2/pessoal/freestyler-holyrics/src/core/presentation.ts">
        <metrics statements="23" coveredstatements="23" conditionals="37" coveredconditionals="37" methods="2" coveredmethods="2"/>
        <line num="21" count="43" type="cond" truecount="4" falsecount="0"/>
        <line num="22" count="8" type="cond" truecount="4" falsecount="0"/>
        <line num="23" count="5" type="stmt"/>
        <line num="37" count="45" type="stmt"/>
        <line num="38" count="45" type="stmt"/>
        <line num="40" count="45" type="stmt"/>
        <line num="41" count="45" type="cond" truecount="2" falsecount="0"/>
        <line num="42" count="45" type="cond" truecount="2" falsecount="0"/>
        <line num="44" count="45" type="stmt"/>
        <line num="48" count="45" type="cond" truecount="2" falsecount="0"/>
        <line num="49" count="41" type="cond" truecount="4" falsecount="0"/>
        <line num="50" count="19" type="stmt"/>
        <line num="51" count="22" type="cond" truecount="4" falsecount="0"/>
        <line num="52" count="3" type="stmt"/>
        <line num="55" count="3" type="stmt"/>
        <line num="56" count="19" type="cond" truecount="4" falsecount="0"/>
        <line num="57" count="18" type="cond" truecount="2" falsecount="0"/>
        <line num="61" count="5" type="stmt"/>
        <line num="62" count="13" type="cond" truecount="2" falsecount="0"/>
        <line num="69" count="3" type="stmt"/>
        <line num="85" count="45" type="cond" truecount="4" falsecount="0"/>
        <line num="86" count="7" type="stmt"/>
        <line num="89" count="45" type="stmt"/>
      </file>
      <file name="saida.ts" path="/mnt/E0AE8F90AE8F5DC2/pessoal/freestyler-holyrics/src/core/saida.ts">
        <metrics statements="20" coveredstatements="20" conditionals="25" coveredconditionals="25" methods="4" coveredmethods="4"/>
        <line num="56" count="29" type="stmt"/>
        <line num="65" count="63" type="cond" truecount="4" falsecount="0"/>
        <line num="66" count="22" type="cond" truecount="3" falsecount="0"/>
        <line num="84" count="46" type="cond" truecount="2" falsecount="0"/>
        <line num="85" count="36" type="stmt"/>
        <line num="88" count="10" type="cond" truecount="2" falsecount="0"/>
        <line num="91" count="4" type="cond" truecount="2" falsecount="0"/>
        <line num="92" count="2" type="stmt"/>
        <line num="95" count="6" type="stmt"/>
        <line num="112" count="66" type="cond" truecount="2" falsecount="0"/>
        <line num="114" count="64" type="cond" truecount="2" falsecount="0"/>
        <line num="115" count="63" type="cond" truecount="2" falsecount="0"/>
        <line num="117" count="61" type="cond" truecount="2" falsecount="0"/>
        <line num="118" count="41" type="cond" truecount="2" falsecount="0"/>
        <line num="120" count="30" type="stmt"/>
        <line num="124" count="30" type="cond" truecount="2" falsecount="0"/>
        <line num="125" count="18" type="stmt"/>
        <line num="127" count="18" type="stmt"/>
        <line num="130" count="30" type="stmt"/>
        <line num="131" count="30" type="stmt"/>
      </file>
      <file name="stability.ts" path="/mnt/E0AE8F90AE8F5DC2/pessoal/freestyler-holyrics/src/core/stability.ts">
        <metrics statements="10" coveredstatements="10" conditionals="6" coveredconditionals="6" methods="1" coveredmethods="1"/>
        <line num="48" count="72" type="stmt"/>
        <line num="50" count="72" type="cond" truecount="2" falsecount="0"/>
        <line num="51" count="16" type="stmt"/>
        <line num="67" count="56" type="stmt"/>
        <line num="69" count="56" type="cond" truecount="2" falsecount="0"/>
        <line num="72" count="22" type="stmt"/>
        <line num="80" count="34" type="stmt"/>
        <line num="82" count="34" type="cond" truecount="2" falsecount="0"/>
        <line num="83" count="23" type="stmt"/>
        <line num="93" count="11" type="stmt"/>
      </file>
      <file name="state.ts" path="/mnt/E0AE8F90AE8F5DC2/pessoal/freestyler-holyrics/src/core/state.ts">
        <metrics statements="20" coveredstatements="20" conditionals="20" coveredconditionals="20" methods="1" coveredmethods="1"/>
        <line num="91" count="2" type="stmt"/>
        <line num="128" count="25" type="stmt"/>
        <line num="131" count="25" type="stmt"/>
        <line num="132" count="25" type="stmt"/>
        <line num="134" count="25" type="cond" truecount="2" falsecount="0"/>
        <line num="135" count="25" type="cond" truecount="2" falsecount="0"/>
        <line num="136" count="25" type="cond" truecount="2" falsecount="0"/>
        <line num="141" count="25" type="stmt"/>
        <line num="149" count="25" type="cond" truecount="2" falsecount="0"/>
        <line num="151" count="25" type="cond" truecount="4" falsecount="0"/>
        <line num="152" count="23" type="stmt"/>
        <line num="154" count="23" type="cond" truecount="2" falsecount="0"/>
        <line num="155" count="22" type="stmt"/>
        <line num="157" count="22" type="stmt"/>
        <line num="163" count="22" type="stmt"/>
        <line num="164" count="22" type="stmt"/>
        <line num="165" count="22" type="stmt"/>
        <line num="167" count="22" type="cond" truecount="2" falsecount="0"/>
        <line num="168" count="18" type="stmt"/>
        <line num="182" count="25" type="stmt"/>
      </file>
    </package>
    <package name="src.service">
      <metrics statements="102" coveredstatements="90" conditionals="73" coveredconditionals="50" methods="21" coveredmethods="17"/>
      <file name="availability.ts" path="/mnt/E0AE8F90AE8F5DC2/pessoal/freestyler-holyrics/src/service/availability.ts">
        <metrics statements="15" coveredstatements="15" conditionals="14" coveredconditionals="14" methods="5" coveredmethods="5"/>
        <line num="34" count="1" type="stmt"/>
        <line num="48" count="43" type="cond" truecount="2" falsecount="0"/>
        <line num="55" count="30" type="stmt"/>
        <line num="57" count="30" type="stmt"/>
        <line num="58" count="90" type="stmt"/>
        <line num="59" count="48" type="stmt"/>
        <line num="63" count="30" type="cond" truecount="2" falsecount="0"/>
        <line num="65" count="30" type="stmt"/>
        <line num="66" count="30" type="cond" truecount="2" falsecount="0"/>
        <line num="69" count="30" type="stmt"/>
        <line num="74" count="30" type="cond" truecount="2" falsecount="0"/>
        <line num="76" count="30" type="cond" truecount="2" falsecount="0"/>
        <line num="77" count="21" type="stmt"/>
        <line num="88" count="30" type="stmt"/>
        <line num="99" count="9" type="cond" truecount="2" falsecount="0"/>
      </file>
      <file name="saida-dmx.ts" path="/mnt/E0AE8F90AE8F5DC2/pessoal/freestyler-holyrics/src/service/saida-dmx.ts">
        <metrics statements="87" coveredstatements="75" conditionals="59" coveredconditionals="36" methods="16" coveredmethods="12"/>
        <line num="55" count="1" type="stmt"/>
        <line num="58" count="16" type="cond" truecount="3" falsecount="0"/>
        <line num="62" count="10" type="stmt"/>
        <line num="64" count="10" type="stmt"/>
        <line num="65" count="10" type="stmt"/>
        <line num="66" count="10" type="stmt"/>
        <line num="67" count="10" type="stmt"/>
        <line num="70" count="27" type="stmt"/>
        <line num="71" count="27" type="cond" truecount="1" falsecount="1"/>
        <line num="72" count="27" type="stmt"/>
        <line num="73" count="27" type="cond" truecount="1" falsecount="1"/>
        <line num="75" count="27" type="stmt"/>
        <line num="79" count="648" type="stmt"/>
        <line num="86" count="1" type="cond" truecount="1" falsecount="1"/>
        <line num="87" count="1" type="stmt"/>
        <line num="88" count="1" type="stmt"/>
        <line num="92" count="18" type="stmt"/>
        <line num="93" count="18" type="cond" truecount="2" falsecount="0"/>
        <line num="94" count="2" type="stmt"/>
        <line num="98" count="2" type="stmt"/>
        <line num="104" count="16" type="stmt"/>
        <line num="105" count="16" type="stmt"/>
        <line num="109" count="18" type="stmt"/>
        <line num="117" count="18" type="stmt"/>
        <line num="128" count="19" type="stmt"/>
        <line num="130" count="19" type="stmt"/>
        <line num="131" count="46" type="stmt"/>
        <line num="132" count="46" type="cond" truecount="1" falsecount="1"/>
        <line num="134" count="46" type="stmt"/>
        <line num="135" count="62" type="cond" truecount="2" falsecount="0"/>
        <line num="136" count="19" type="stmt"/>
        <line num="137" count="19" type="cond" truecount="1" falsecount="1"/>
        <line num="138" count="19" type="stmt"/>
        <line num="141" count="43" type="cond" truecount="2" falsecount="0"/>
        <line num="142" count="9" type="stmt"/>
        <line num="143" count="9" type="cond" truecount="2" falsecount="0"/>
        <line num="144" count="1" type="stmt"/>
        <line num="151" count="1" type="stmt"/>
        <line num="153" count="8" type="stmt"/>
        <line num="154" count="8" type="stmt"/>
        <line num="155" count="8" type="stmt"/>
        <line num="159" count="8" type="stmt"/>
        <line num="162" count="34" type="cond" truecount="2" falsecount="0"/>
        <line num="163" count="8" type="stmt"/>
        <line num="164" count="8" type="cond" truecount="1" falsecount="1"/>
        <line num="165" count="8" type="stmt"/>
        <line num="168" count="26" type="cond" truecount="2" falsecount="0"/>
        <line num="171" count="8" type="stmt"/>
        <line num="172" count="8" type="cond" truecount="1" falsecount="1"/>
        <line num="173" count="8" type="stmt"/>
        <line num="174" count="8" type="stmt"/>
        <line num="175" count="8" type="cond" truecount="1" falsecount="1"/>
        <line num="176" count="0" type="stmt"/>
        <line num="177" count="0" type="stmt"/>
        <line num="179" count="8" type="stmt"/>
        <line num="182" count="18" type="cond" truecount="1" falsecount="1"/>
        <line num="183" count="18" type="stmt"/>
        <line num="184" count="18" type="cond" truecount="2" falsecount="0"/>
        <line num="186" count="16" type="stmt"/>
        <line num="187" count="16" type="stmt"/>
        <line num="195" count="19" type="stmt"/>
        <line num="196" count="0" type="cond" truecount="0" falsecount="2"/>
        <line num="198" count="19" type="stmt"/>
        <line num="201" count="10" type="stmt"/>
        <line num="202" count="10" type="stmt"/>
        <line num="205" count="0" type="stmt"/>
        <line num="212" count="0" type="cond" truecount="0" falsecount="2"/>
        <line num="213" count="0" type="stmt"/>
        <line num="214" count="0" type="stmt"/>
        <line num="217" count="0" type="cond" truecount="0" falsecount="2"/>
        <line num="218" count="0" type="cond" truecount="0" falsecount="2"/>
        <line num="220" count="0" type="stmt"/>
        <line num="223" count="0" type="stmt"/>
        <line num="225" count="0" type="cond" truecount="0" falsecount="2"/>
        <line num="233" count="2" type="stmt"/>
        <line num="234" count="2" type="stmt"/>
        <line num="235" count="2" type="cond" truecount="2" falsecount="0"/>
        <line num="236" count="1" type="stmt"/>
        <line num="240" count="1" type="cond" truecount="1" falsecount="1"/>
        <line num="241" count="1" type="stmt"/>
        <line num="245" count="19" type="stmt"/>
        <line num="247" count="19" type="cond" truecount="2" falsecount="0"/>
        <line num="248" count="2" type="cond" truecount="2" falsecount="0"/>
        <line num="249" count="1" type="stmt"/>
        <line num="252" count="1" type="stmt"/>
        <line num="257" count="2" type="stmt"/>
        <line num="263" count="17" type="stmt"/>
      </file>
    </package>
    <package name="tests.fixtures">
      <metrics statements="29" coveredstatements="29" conditionals="0" coveredconditionals="0" methods="1" coveredmethods="1"/>
      <file name="freestyler-responses.ts" path="/mnt/E0AE8F90AE8F5DC2/pessoal/freestyler-holyrics/tests/fixtures/freestyler-responses.ts">
        <metrics statements="13" coveredstatements="13" conditionals="0" coveredconditionals="0" methods="1" coveredmethods="1"/>
        <line num="13" count="18" type="stmt"/>
        <line num="21" count="2" type="stmt"/>
        <line num="29" count="2" type="stmt"/>
        <line num="35" count="2" type="stmt"/>
        <line num="46" count="2" type="stmt"/>
        <line num="52" count="2" type="stmt"/>
        <line num="58" count="2" type="stmt"/>
        <line num="64" count="2" type="stmt"/>
        <line num="67" count="2" type="stmt"/>
        <line num="70" count="2" type="stmt"/>
        <line num="73" count="2" type="stmt"/>
        <line num="76" count="2" type="stmt"/>
        <line num="84" count="2" type="stmt"/>
      </file>
      <file name="holyrics-responses.ts" path="/mnt/E0AE8F90AE8F5DC2/pessoal/freestyler-holyrics/tests/fixtures/holyrics-responses.ts">
        <metrics statements="16" coveredstatements="16" conditionals="0" coveredconditionals="0" methods="0" coveredmethods="0"/>
        <line num="16" count="1" type="stmt"/>
        <line num="31" count="1" type="stmt"/>
        <line num="36" count="1" type="stmt"/>
        <line num="41" count="1" type="stmt"/>
        <line num="51" count="1" type="stmt"/>
        <line num="66" count="1" type="stmt"/>
        <line num="69" count="1" type="stmt"/>
        <line num="72" count="1" type="stmt"/>
        <line num="77" count="1" type="stmt"/>
        <line num="91" count="1" type="stmt"/>
        <line num="102" count="1" type="stmt"/>
        <line num="104" count="1" type="stmt"/>
        <line num="115" count="1" type="stmt"/>
        <line num="120" count="1" type="stmt"/>
        <line num="126" count="1" type="stmt"/>
        <line num="128" count="1" type="stmt"/>
      </file>
    </package>
  </project>
</coverage>
