{"/mnt/E0AE8F90AE8F5DC2/pessoal/freestyler-holyrics/src/adapters/config.ts": {"path":"/mnt/E0AE8F90AE8F5DC2/pessoal/freestyler-holyrics/src/adapters/config.ts","statementMap":{"0":{"start":{"line":14,"column":29},"end":{"line":14,"column":null}},"1":{"start":{"line":18,"column":26},"end":{"line":18,"column":null}},"2":{"start":{"line":26,"column":23},"end":{"line":30,"column":null}},"3":{"start":{"line":32,"column":16},"end":{"line":80,"column":null}},"4":{"start":{"line":95,"column":23},"end":{"line":95,"column":null}},"5":{"start":{"line":105,"column":2},"end":{"line":110,"column":null}},"6":{"start":{"line":107,"column":22},"end":{"line":107,"column":null}},"7":{"start":{"line":108,"column":6},"end":{"line":108,"column":null}},"8":{"start":{"line":122,"column":20},"end":{"line":122,"column":null}},"9":{"start":{"line":123,"column":2},"end":{"line":125,"column":null}},"10":{"start":{"line":124,"column":4},"end":{"line":124,"column":null}},"11":{"start":{"line":127,"column":17},"end":{"line":127,"column":null}},"12":{"start":{"line":131,"column":26},"end":{"line":131,"column":null}},"13":{"start":{"line":132,"column":2},"end":{"line":140,"column":null}},"14":{"start":{"line":133,"column":4},"end":{"line":138,"column":null}},"15":{"start":{"line":134,"column":6},"end":{"line":137,"column":null}},"16":{"start":{"line":139,"column":4},"end":{"line":139,"column":null}},"17":{"start":{"line":147,"column":2},"end":{"line":154,"column":null}},"18":{"start":{"line":148,"column":4},"end":{"line":153,"column":null}},"19":{"start":{"line":157,"column":2},"end":{"line":164,"column":null}},"20":{"start":{"line":158,"column":4},"end":{"line":163,"column":null}},"21":{"start":{"line":166,"column":2},"end":{"line":166,"column":null}},"22":{"start":{"line":187,"column":16},"end":{"line":187,"column":null}},"23":{"start":{"line":188,"column":2},"end":{"line":193,"column":null}},"24":{"start":{"line":189,"column":4},"end":{"line":192,"column":null}},"25":{"start":{"line":195,"column":18},"end":{"line":195,"column":null}},"26":{"start":{"line":198,"column":2},"end":{"line":205,"column":null}},"27":{"start":{"line":199,"column":4},"end":{"line":199,"column":null}},"28":{"start":{"line":201,"column":4},"end":{"line":204,"column":null}},"29":{"start":{"line":208,"column":2},"end":{"line":214,"column":null}},"30":{"start":{"line":209,"column":4},"end":{"line":209,"column":null}},"31":{"start":{"line":211,"column":4},"end":{"line":213,"column":null}},"32":{"start":{"line":216,"column":19},"end":{"line":216,"column":null}},"33":{"start":{"line":217,"column":2},"end":{"line":221,"column":null}},"34":{"start":{"line":218,"column":4},"end":{"line":220,"column":null}},"35":{"start":{"line":223,"column":2},"end":{"line":223,"column":null}}},"fnMap":{"0":{"name":"formatarErros","decl":{"start":{"line":104,"column":9},"end":{"line":104,"column":23}},"loc":{"start":{"line":104,"column":49},"end":{"line":111,"column":null}},"line":104},"1":{"name":"(anonymous_1)","decl":{"start":{"line":106,"column":5},"end":{"line":106,"column":10}},"loc":{"start":{"line":106,"column":16},"end":{"line":109,"column":5}},"line":106},"2":{"name":"validarConfig","decl":{"start":{"line":118,"column":16},"end":{"line":118,"column":null}},"loc":{"start":{"line":121,"column":24},"end":{"line":167,"column":null}},"line":121},"3":{"name":"carregarConfig","decl":{"start":{"line":184,"column":16},"end":{"line":184,"column":null}},"loc":{"start":{"line":186,"column":19},"end":{"line":224,"column":null}},"line":186}},"branchMap":{"0":{"loc":{"start":{"line":108,"column":13},"end":{"line":108,"column":null}},"type":"cond-expr","locations":[{"start":{"line":108,"column":23},"end":{"line":108,"column":52}},{"start":{"line":108,"column":52},"end":{"line":108,"column":null}}],"line":108},"1":{"loc":{"start":{"line":120,"column":2},"end":{"line":120,"column":null}},"type":"default-arg","locations":[{"start":{"line":120,"column":23},"end":{"line":120,"column":null}}],"line":120},"2":{"loc":{"start":{"line":123,"column":2},"end":{"line":125,"column":null}},"type":"if","locations":[{"start":{"line":123,"column":2},"end":{"line":125,"column":null}},{"start":{},"end":{}}],"line":123},"3":{"loc":{"start":{"line":132,"column":2},"end":{"line":140,"column":null}},"type":"if","locations":[{"start":{"line":132,"column":2},"end":{"line":140,"column":null}},{"start":{},"end":{}}],"line":132},"4":{"loc":{"start":{"line":132,"column":6},"end":{"line":132,"column":63}},"type":"binary-expr","locations":[{"start":{"line":132,"column":6},"end":{"line":132,"column":39}},{"start":{"line":132,"column":39},"end":{"line":132,"column":63}}],"line":132},"5":{"loc":{"start":{"line":133,"column":4},"end":{"line":138,"column":null}},"type":"if","locations":[{"start":{"line":133,"column":4},"end":{"line":138,"column":null}},{"start":{},"end":{}}],"line":133},"6":{"loc":{"start":{"line":147,"column":2},"end":{"line":154,"column":null}},"type":"if","locations":[{"start":{"line":147,"column":2},"end":{"line":154,"column":null}},{"start":{},"end":{}}],"line":147},"7":{"loc":{"start":{"line":157,"column":2},"end":{"line":164,"column":null}},"type":"if","locations":[{"start":{"line":157,"column":2},"end":{"line":164,"column":null}},{"start":{},"end":{}}],"line":157},"8":{"loc":{"start":{"line":185,"column":2},"end":{"line":185,"column":null}},"type":"default-arg","locations":[{"start":{"line":185,"column":23},"end":{"line":185,"column":null}}],"line":185},"9":{"loc":{"start":{"line":188,"column":2},"end":{"line":193,"column":null}},"type":"if","locations":[{"start":{"line":188,"column":2},"end":{"line":193,"column":null}},{"start":{},"end":{}}],"line":188},"10":{"loc":{"start":{"line":188,"column":6},"end":{"line":188,"column":50}},"type":"binary-expr","locations":[{"start":{"line":188,"column":6},"end":{"line":188,"column":29}},{"start":{"line":188,"column":29},"end":{"line":188,"column":50}}],"line":188},"11":{"loc":{"start":{"line":195,"column":18},"end":{"line":195,"column":null}},"type":"binary-expr","locations":[{"start":{"line":195,"column":18},"end":{"line":195,"column":42}},{"start":{"line":195,"column":42},"end":{"line":195,"column":null}}],"line":195},"12":{"loc":{"start":{"line":217,"column":2},"end":{"line":221,"column":null}},"type":"if","locations":[{"start":{"line":217,"column":2},"end":{"line":221,"column":null}},{"start":{},"end":{}}],"line":217}},"s":{"0":1,"1":1,"2":1,"3":1,"4":1,"5":14,"6":15,"7":15,"8":29,"9":29,"10":14,"11":15,"12":15,"13":15,"14":2,"15":1,"16":1,"17":14,"18":2,"19":12,"20":1,"21":11,"22":0,"23":0,"24":0,"25":0,"26":0,"27":0,"28":0,"29":0,"30":0,"31":0,"32":0,"33":0,"34":0,"35":0},"f":{"0":14,"1":15,"2":29,"3":0},"b":{"0":[15,0],"1":[29],"2":[14,15],"3":[2,13],"4":[15,2],"5":[1,1],"6":[2,12],"7":[1,11],"8":[0],"9":[0,0],"10":[0,0],"11":[0,0],"12":[0,0]},"meta":{"lastBranch":13,"lastFunction":4,"lastStatement":36,"seen":{"s:14:29:14:Infinity":0,"s:18:26:18:Infinity":1,"s:26:23:30:Infinity":2,"s:32:16:80:Infinity":3,"s:95:23:95:Infinity":4,"f:104:9:104:23":0,"s:105:2:110:Infinity":5,"f:106:5:106:10":1,"s:107:22:107:Infinity":6,"s:108:6:108:Infinity":7,"b:108:23:108:52:108:52:108:Infinity":0,"f:118:16:118:Infinity":2,"b:120:23:120:Infinity":1,"s:122:20:122:Infinity":8,"b:123:2:125:Infinity:undefined:undefined:undefined:undefined":2,"s:123:2:125:Infinity":9,"s:124:4:124:Infinity":10,"s:127:17:127:Infinity":11,"s:131:26:131:Infinity":12,"b:132:2:140:Infinity:undefined:undefined:undefined:undefined":3,"s:132:2:140:Infinity":13,"b:132:6:132:39:132:39:132:63":4,"b:133:4:138:Infinity:undefined:undefined:undefined:undefined":5,"s:133:4:138:Infinity":14,"s:134:6:137:Infinity":15,"s:139:4:139:Infinity":16,"b:147:2:154:Infinity:undefined:undefined:undefined:undefined":6,"s:147:2:154:Infinity":17,"s:148:4:153:Infinity":18,"b:157:2:164:Infinity:undefined:undefined:undefined:undefined":7,"s:157:2:164:Infinity":19,"s:158:4:163:Infinity":20,"s:166:2:166:Infinity":21,"f:184:16:184:Infinity":3,"b:185:23:185:Infinity":8,"s:187:16:187:Infinity":22,"b:188:2:193:Infinity:undefined:undefined:undefined:undefined":9,"s:188:2:193:Infinity":23,"b:188:6:188:29:188:29:188:50":10,"s:189:4:192:Infinity":24,"s:195:18:195:Infinity":25,"b:195:18:195:42:195:42:195:Infinity":11,"s:198:2:205:Infinity":26,"s:199:4:199:Infinity":27,"s:201:4:204:Infinity":28,"s:208:2:214:Infinity":29,"s:209:4:209:Infinity":30,"s:211:4:213:Infinity":31,"s:216:19:216:Infinity":32,"b:217:2:221:Infinity:undefined:undefined:undefined:undefined":12,"s:217:2:221:Infinity":33,"s:218:4:220:Infinity":34,"s:223:2:223:Infinity":35},"fnNames":{}}}
,"/mnt/E0AE8F90AE8F5DC2/pessoal/freestyler-holyrics/src/adapters/freestyler/protocolo.ts": {"path":"/mnt/E0AE8F90AE8F5DC2/pessoal/freestyler-holyrics/src/adapters/freestyler/protocolo.ts","statementMap":{"0":{"start":{"line":21,"column":22},"end":{"line":37,"column":null}},"1":{"start":{"line":40,"column":23},"end":{"line":40,"column":null}},"2":{"start":{"line":42,"column":25},"end":{"line":42,"column":null}},"3":{"start":{"line":45,"column":2},"end":{"line":45,"column":null}},"4":{"start":{"line":58,"column":2},"end":{"line":60,"column":null}},"5":{"start":{"line":59,"column":4},"end":{"line":59,"column":null}},"6":{"start":{"line":61,"column":17},"end":{"line":61,"column":null}},"7":{"start":{"line":62,"column":2},"end":{"line":62,"column":null}},"8":{"start":{"line":67,"column":2},"end":{"line":70,"column":null}},"9":{"start":{"line":76,"column":2},"end":{"line":76,"column":null}},"10":{"start":{"line":81,"column":2},"end":{"line":81,"column":null}},"11":{"start":{"line":107,"column":2},"end":{"line":109,"column":null}},"12":{"start":{"line":108,"column":4},"end":{"line":108,"column":null}},"13":{"start":{"line":112,"column":2},"end":{"line":114,"column":null}},"14":{"start":{"line":113,"column":4},"end":{"line":113,"column":null}},"15":{"start":{"line":116,"column":2},"end":{"line":118,"column":null}},"16":{"start":{"line":117,"column":4},"end":{"line":117,"column":null}},"17":{"start":{"line":120,"column":25},"end":{"line":120,"column":null}},"18":{"start":{"line":121,"column":16},"end":{"line":121,"column":null}},"19":{"start":{"line":124,"column":2},"end":{"line":128,"column":null}},"20":{"start":{"line":125,"column":4},"end":{"line":127,"column":null}},"21":{"start":{"line":130,"column":2},"end":{"line":130,"column":null}}},"fnMap":{"0":{"name":"tresCasas","decl":{"start":{"line":44,"column":9},"end":{"line":44,"column":19}},"loc":{"start":{"line":44,"column":38},"end":{"line":46,"column":null}},"line":44},"1":{"name":"comandoDeGrupo","decl":{"start":{"line":57,"column":16},"end":{"line":57,"column":31}},"loc":{"start":{"line":57,"column":56},"end":{"line":63,"column":null}},"line":57},"2":{"name":"comandoDeCor","decl":{"start":{"line":66,"column":16},"end":{"line":66,"column":29}},"loc":{"start":{"line":66,"column":47},"end":{"line":72,"column":null}},"line":66},"3":{"name":"consulta","decl":{"start":{"line":75,"column":16},"end":{"line":75,"column":25}},"loc":{"start":{"line":75,"column":49},"end":{"line":77,"column":null}},"line":75},"4":{"name":"ehHeartbeat","decl":{"start":{"line":80,"column":16},"end":{"line":80,"column":28}},"loc":{"start":{"line":80,"column":52},"end":{"line":82,"column":null}},"line":80},"5":{"name":"decodificarResposta","decl":{"start":{"line":106,"column":16},"end":{"line":106,"column":36}},"loc":{"start":{"line":106,"column":84},"end":{"line":131,"column":null}},"line":106}},"branchMap":{"0":{"loc":{"start":{"line":58,"column":2},"end":{"line":60,"column":null}},"type":"if","locations":[{"start":{"line":58,"column":2},"end":{"line":60,"column":null}},{"start":{},"end":{}}],"line":58},"1":{"loc":{"start":{"line":58,"column":6},"end":{"line":58,"column":65}},"type":"binary-expr","locations":[{"start":{"line":58,"column":6},"end":{"line":58,"column":36}},{"start":{"line":58,"column":36},"end":{"line":58,"column":51}},{"start":{"line":58,"column":51},"end":{"line":58,"column":65}}],"line":58},"2":{"loc":{"start":{"line":61,"column":17},"end":{"line":61,"column":null}},"type":"cond-expr","locations":[{"start":{"line":61,"column":33},"end":{"line":61,"column":48}},{"start":{"line":61,"column":48},"end":{"line":61,"column":null}}],"line":61},"3":{"loc":{"start":{"line":81,"column":9},"end":{"line":81,"column":null}},"type":"binary-expr","locations":[{"start":{"line":81,"column":9},"end":{"line":81,"column":31}},{"start":{"line":81,"column":31},"end":{"line":81,"column":null}}],"line":81},"4":{"loc":{"start":{"line":107,"column":2},"end":{"line":109,"column":null}},"type":"if","locations":[{"start":{"line":107,"column":2},"end":{"line":109,"column":null}},{"start":{},"end":{}}],"line":107},"5":{"loc":{"start":{"line":112,"column":2},"end":{"line":114,"column":null}},"type":"if","locations":[{"start":{"line":112,"column":2},"end":{"line":114,"column":null}},{"start":{},"end":{}}],"line":112},"6":{"loc":{"start":{"line":116,"column":2},"end":{"line":118,"column":null}},"type":"if","locations":[{"start":{"line":116,"column":2},"end":{"line":118,"column":null}},{"start":{},"end":{}}],"line":116},"7":{"loc":{"start":{"line":124,"column":2},"end":{"line":128,"column":null}},"type":"if","locations":[{"start":{"line":124,"column":2},"end":{"line":128,"column":null}},{"start":{},"end":{}}],"line":124},"8":{"loc":{"start":{"line":125,"column":11},"end":{"line":127,"column":null}},"type":"cond-expr","locations":[{"start":{"line":126,"column":8},"end":{"line":126,"column":null}},{"start":{"line":127,"column":8},"end":{"line":127,"column":null}}],"line":125}},"s":{"0":2,"1":2,"2":2,"3":137,"4":16,"5":2,"6":14,"7":16,"8":20,"9":3,"10":14,"11":11,"12":1,"13":10,"14":2,"15":8,"16":1,"17":7,"18":7,"19":7,"20":2,"21":5},"f":{"0":137,"1":16,"2":20,"3":3,"4":14,"5":11},"b":{"0":[2,14],"1":[16,16,15],"2":[12,2],"3":[14,2],"4":[1,10],"5":[2,8],"6":[1,7],"7":[2,5],"8":[1,1]},"meta":{"lastBranch":9,"lastFunction":6,"lastStatement":22,"seen":{"s:21:22:37:Infinity":0,"s:40:23:40:Infinity":1,"s:42:25:42:Infinity":2,"f:44:9:44:19":0,"s:45:2:45:Infinity":3,"f:57:16:57:31":1,"b:58:2:60:Infinity:undefined:undefined:undefined:undefined":0,"s:58:2:60:Infinity":4,"b:58:6:58:36:58:36:58:51:58:51:58:65":1,"s:59:4:59:Infinity":5,"s:61:17:61:Infinity":6,"b:61:33:61:48:61:48:61:Infinity":2,"s:62:2:62:Infinity":7,"f:66:16:66:29":2,"s:67:2:70:Infinity":8,"f:75:16:75:25":3,"s:76:2:76:Infinity":9,"f:80:16:80:28":4,"s:81:2:81:Infinity":10,"b:81:9:81:31:81:31:81:Infinity":3,"f:106:16:106:36":5,"b:107:2:109:Infinity:undefined:undefined:undefined:undefined":4,"s:107:2:109:Infinity":11,"s:108:4:108:Infinity":12,"b:112:2:114:Infinity:undefined:undefined:undefined:undefined":5,"s:112:2:114:Infinity":13,"s:113:4:113:Infinity":14,"b:116:2:118:Infinity:undefined:undefined:undefined:undefined":6,"s:116:2:118:Infinity":15,"s:117:4:117:Infinity":16,"s:120:25:120:Infinity":17,"s:121:16:121:Infinity":18,"b:124:2:128:Infinity:undefined:undefined:undefined:undefined":7,"s:124:2:128:Infinity":19,"s:125:4:127:Infinity":20,"b:126:8:126:Infinity:127:8:127:Infinity":8,"s:130:2:130:Infinity":21},"fnNames":{}}}
,"/mnt/E0AE8F90AE8F5DC2/pessoal/freestyler-holyrics/src/adapters/holyrics/schema.ts": {"path":"/mnt/E0AE8F90AE8F5DC2/pessoal/freestyler-holyrics/src/adapters/holyrics/schema.ts","statementMap":{"0":{"start":{"line":29,"column":17},"end":{"line":32,"column":null}},"1":{"start":{"line":44,"column":17},"end":{"line":54,"column":null}},"2":{"start":{"line":51,"column":17},"end":{"line":51,"column":61}},"3":{"start":{"line":54,"column":21},"end":{"line":54,"column":78}},"4":{"start":{"line":56,"column":18},"end":{"line":62,"column":null}},"5":{"start":{"line":64,"column":18},"end":{"line":68,"column":null}},"6":{"start":{"line":71,"column":2},"end":{"line":71,"column":null}},"7":{"start":{"line":94,"column":12},"end":{"line":94,"column":null}},"8":{"start":{"line":95,"column":2},"end":{"line":97,"column":null}},"9":{"start":{"line":96,"column":4},"end":{"line":96,"column":null}},"10":{"start":{"line":99,"column":2},"end":{"line":117,"column":null}},"11":{"start":{"line":100,"column":18},"end":{"line":100,"column":null}},"12":{"start":{"line":101,"column":4},"end":{"line":108,"column":null}},"13":{"start":{"line":102,"column":6},"end":{"line":107,"column":null}},"14":{"start":{"line":109,"column":4},"end":{"line":115,"column":null}},"15":{"start":{"line":110,"column":6},"end":{"line":114,"column":null}},"16":{"start":{"line":116,"column":4},"end":{"line":116,"column":null}},"17":{"start":{"line":119,"column":2},"end":{"line":119,"column":null}},"18":{"start":{"line":132,"column":21},"end":{"line":132,"column":null}},"19":{"start":{"line":133,"column":2},"end":{"line":133,"column":null}},"20":{"start":{"line":133,"column":22},"end":{"line":133,"column":null}},"21":{"start":{"line":135,"column":15},"end":{"line":135,"column":null}},"22":{"start":{"line":136,"column":2},"end":{"line":138,"column":null}},"23":{"start":{"line":137,"column":4},"end":{"line":137,"column":null}},"24":{"start":{"line":140,"column":2},"end":{"line":142,"column":null}},"25":{"start":{"line":141,"column":4},"end":{"line":141,"column":null}},"26":{"start":{"line":144,"column":25},"end":{"line":144,"column":null}},"27":{"start":{"line":145,"column":2},"end":{"line":154,"column":null}},"28":{"start":{"line":145,"column":15},"end":{"line":145,"column":18}},"29":{"start":{"line":146,"column":14},"end":{"line":146,"column":null}},"30":{"start":{"line":147,"column":4},"end":{"line":152,"column":null}},"31":{"start":{"line":148,"column":6},"end":{"line":151,"column":null}},"32":{"start":{"line":153,"column":4},"end":{"line":153,"column":null}},"33":{"start":{"line":156,"column":2},"end":{"line":156,"column":null}},"34":{"start":{"line":163,"column":21},"end":{"line":163,"column":null}},"35":{"start":{"line":164,"column":2},"end":{"line":164,"column":null}},"36":{"start":{"line":164,"column":22},"end":{"line":164,"column":null}},"37":{"start":{"line":166,"column":15},"end":{"line":166,"column":null}},"38":{"start":{"line":167,"column":2},"end":{"line":167,"column":null}},"39":{"start":{"line":167,"column":43},"end":{"line":167,"column":null}},"40":{"start":{"line":169,"column":12},"end":{"line":169,"column":null}},"41":{"start":{"line":170,"column":2},"end":{"line":172,"column":null}},"42":{"start":{"line":171,"column":4},"end":{"line":171,"column":null}},"43":{"start":{"line":174,"column":2},"end":{"line":183,"column":null}},"44":{"start":{"line":188,"column":21},"end":{"line":188,"column":null}},"45":{"start":{"line":189,"column":2},"end":{"line":189,"column":null}},"46":{"start":{"line":189,"column":22},"end":{"line":189,"column":null}},"47":{"start":{"line":191,"column":15},"end":{"line":191,"column":null}},"48":{"start":{"line":192,"column":2},"end":{"line":192,"column":null}},"49":{"start":{"line":192,"column":43},"end":{"line":192,"column":null}},"50":{"start":{"line":194,"column":12},"end":{"line":194,"column":null}},"51":{"start":{"line":195,"column":2},"end":{"line":197,"column":null}},"52":{"start":{"line":196,"column":4},"end":{"line":196,"column":null}},"53":{"start":{"line":199,"column":2},"end":{"line":206,"column":null}}},"fnMap":{"0":{"name":"(anonymous_0)","decl":{"start":{"line":51,"column":3},"end":{"line":51,"column":11}},"loc":{"start":{"line":51,"column":17},"end":{"line":51,"column":61}},"line":51},"1":{"name":"(anonymous_1)","decl":{"start":{"line":54,"column":3},"end":{"line":54,"column":14}},"loc":{"start":{"line":54,"column":21},"end":{"line":54,"column":78}},"line":54},"2":{"name":"falha","decl":{"start":{"line":70,"column":9},"end":{"line":70,"column":18}},"loc":{"start":{"line":70,"column":78},"end":{"line":72,"column":null}},"line":70},"3":{"name":"extrairData","decl":{"start":{"line":93,"column":16},"end":{"line":93,"column":28}},"loc":{"start":{"line":93,"column":64},"end":{"line":120,"column":null}},"line":93},"4":{"name":"lerColorMap","decl":{"start":{"line":131,"column":16},"end":{"line":131,"column":28}},"loc":{"start":{"line":131,"column":69},"end":{"line":157,"column":null}},"line":131},"5":{"name":"lerApresentação","decl":{"start":{"line":160,"column":16},"end":{"line":160,"column":null}},"loc":{"start":{"line":162,"column":36},"end":{"line":184,"column":null}},"line":162},"6":{"name":"lerTema","decl":{"start":{"line":187,"column":16},"end":{"line":187,"column":24}},"loc":{"start":{"line":187,"column":64},"end":{"line":207,"column":null}},"line":187}},"branchMap":{"0":{"loc":{"start":{"line":51,"column":17},"end":{"line":51,"column":61}},"type":"binary-expr","locations":[{"start":{"line":51,"column":17},"end":{"line":51,"column":40}},{"start":{"line":51,"column":40},"end":{"line":51,"column":61}}],"line":51},"1":{"loc":{"start":{"line":54,"column":27},"end":{"line":54,"column":54}},"type":"binary-expr","locations":[{"start":{"line":54,"column":27},"end":{"line":54,"column":36}},{"start":{"line":54,"column":36},"end":{"line":54,"column":54}}],"line":54},"2":{"loc":{"start":{"line":95,"column":2},"end":{"line":97,"column":null}},"type":"if","locations":[{"start":{"line":95,"column":2},"end":{"line":97,"column":null}},{"start":{},"end":{}}],"line":95},"3":{"loc":{"start":{"line":99,"column":2},"end":{"line":117,"column":null}},"type":"if","locations":[{"start":{"line":99,"column":2},"end":{"line":117,"column":null}},{"start":{},"end":{}}],"line":99},"4":{"loc":{"start":{"line":100,"column":33},"end":{"line":100,"column":51}},"type":"binary-expr","locations":[{"start":{"line":100,"column":33},"end":{"line":100,"column":49}},{"start":{"line":100,"column":49},"end":{"line":100,"column":51}}],"line":100},"5":{"loc":{"start":{"line":101,"column":4},"end":{"line":108,"column":null}},"type":"if","locations":[{"start":{"line":101,"column":4},"end":{"line":108,"column":null}},{"start":{},"end":{}}],"line":101},"6":{"loc":{"start":{"line":109,"column":4},"end":{"line":115,"column":null}},"type":"if","locations":[{"start":{"line":109,"column":4},"end":{"line":115,"column":null}},{"start":{},"end":{}}],"line":109},"7":{"loc":{"start":{"line":109,"column":8},"end":{"line":109,"column":67}},"type":"binary-expr","locations":[{"start":{"line":109,"column":8},"end":{"line":109,"column":35}},{"start":{"line":109,"column":35},"end":{"line":109,"column":67}}],"line":109},"8":{"loc":{"start":{"line":133,"column":2},"end":{"line":133,"column":null}},"type":"if","locations":[{"start":{"line":133,"column":2},"end":{"line":133,"column":null}},{"start":{},"end":{}}],"line":133},"9":{"loc":{"start":{"line":136,"column":2},"end":{"line":138,"column":null}},"type":"if","locations":[{"start":{"line":136,"column":2},"end":{"line":138,"column":null}},{"start":{},"end":{}}],"line":136},"10":{"loc":{"start":{"line":136,"column":6},"end":{"line":136,"column":43}},"type":"binary-expr","locations":[{"start":{"line":136,"column":6},"end":{"line":136,"column":23}},{"start":{"line":136,"column":23},"end":{"line":136,"column":43}}],"line":136},"11":{"loc":{"start":{"line":140,"column":2},"end":{"line":142,"column":null}},"type":"if","locations":[{"start":{"line":140,"column":2},"end":{"line":142,"column":null}},{"start":{},"end":{}}],"line":140},"12":{"loc":{"start":{"line":147,"column":4},"end":{"line":152,"column":null}},"type":"if","locations":[{"start":{"line":147,"column":4},"end":{"line":152,"column":null}},{"start":{},"end":{}}],"line":147},"13":{"loc":{"start":{"line":164,"column":2},"end":{"line":164,"column":null}},"type":"if","locations":[{"start":{"line":164,"column":2},"end":{"line":164,"column":null}},{"start":{},"end":{}}],"line":164},"14":{"loc":{"start":{"line":167,"column":2},"end":{"line":167,"column":null}},"type":"if","locations":[{"start":{"line":167,"column":2},"end":{"line":167,"column":null}},{"start":{},"end":{}}],"line":167},"15":{"loc":{"start":{"line":167,"column":6},"end":{"line":167,"column":43}},"type":"binary-expr","locations":[{"start":{"line":167,"column":6},"end":{"line":167,"column":23}},{"start":{"line":167,"column":23},"end":{"line":167,"column":43}}],"line":167},"16":{"loc":{"start":{"line":170,"column":2},"end":{"line":172,"column":null}},"type":"if","locations":[{"start":{"line":170,"column":2},"end":{"line":172,"column":null}},{"start":{},"end":{}}],"line":170},"17":{"loc":{"start":{"line":178,"column":12},"end":{"line":178,"column":null}},"type":"binary-expr","locations":[{"start":{"line":178,"column":12},"end":{"line":178,"column":27}},{"start":{"line":178,"column":27},"end":{"line":178,"column":null}}],"line":178},"18":{"loc":{"start":{"line":179,"column":12},"end":{"line":179,"column":null}},"type":"binary-expr","locations":[{"start":{"line":179,"column":12},"end":{"line":179,"column":27}},{"start":{"line":179,"column":27},"end":{"line":179,"column":null}}],"line":179},"19":{"loc":{"start":{"line":180,"column":13},"end":{"line":180,"column":null}},"type":"binary-expr","locations":[{"start":{"line":180,"column":13},"end":{"line":180,"column":36}},{"start":{"line":180,"column":36},"end":{"line":180,"column":null}}],"line":180},"20":{"loc":{"start":{"line":181,"column":21},"end":{"line":181,"column":null}},"type":"binary-expr","locations":[{"start":{"line":181,"column":21},"end":{"line":181,"column":44}},{"start":{"line":181,"column":44},"end":{"line":181,"column":null}}],"line":181},"21":{"loc":{"start":{"line":189,"column":2},"end":{"line":189,"column":null}},"type":"if","locations":[{"start":{"line":189,"column":2},"end":{"line":189,"column":null}},{"start":{},"end":{}}],"line":189},"22":{"loc":{"start":{"line":192,"column":2},"end":{"line":192,"column":null}},"type":"if","locations":[{"start":{"line":192,"column":2},"end":{"line":192,"column":null}},{"start":{},"end":{}}],"line":192},"23":{"loc":{"start":{"line":192,"column":6},"end":{"line":192,"column":43}},"type":"binary-expr","locations":[{"start":{"line":192,"column":6},"end":{"line":192,"column":23}},{"start":{"line":192,"column":23},"end":{"line":192,"column":43}}],"line":192},"24":{"loc":{"start":{"line":195,"column":2},"end":{"line":197,"column":null}},"type":"if","locations":[{"start":{"line":195,"column":2},"end":{"line":197,"column":null}},{"start":{},"end":{}}],"line":195},"25":{"loc":{"start":{"line":203,"column":12},"end":{"line":203,"column":null}},"type":"binary-expr","locations":[{"start":{"line":203,"column":12},"end":{"line":203,"column":27}},{"start":{"line":203,"column":27},"end":{"line":203,"column":null}}],"line":203},"26":{"loc":{"start":{"line":204,"column":12},"end":{"line":204,"column":null}},"type":"binary-expr","locations":[{"start":{"line":204,"column":12},"end":{"line":204,"column":27}},{"start":{"line":204,"column":27},"end":{"line":204,"column":null}}],"line":204}},"s":{"0":1,"1":1,"2":25,"3":24,"4":1,"5":1,"6":2,"7":6,"8":6,"9":0,"10":6,"11":0,"12":0,"13":0,"14":0,"15":0,"16":0,"17":6,"18":6,"19":6,"20":0,"21":6,"22":6,"23":1,"24":5,"25":1,"26":4,"27":4,"28":4,"29":25,"30":25,"31":1,"32":24,"33":3,"34":0,"35":0,"36":0,"37":0,"38":0,"39":0,"40":0,"41":0,"42":0,"43":0,"44":0,"45":0,"46":0,"47":0,"48":0,"49":0,"50":0,"51":0,"52":0,"53":0},"f":{"0":25,"1":24,"2":2,"3":6,"4":6,"5":0,"6":0},"b":{"0":[25,17],"1":[24,16],"2":[0,6],"3":[0,6],"4":[0,0],"5":[0,0],"6":[0,0],"7":[0,0],"8":[0,6],"9":[1,5],"10":[6,5],"11":[1,4],"12":[1,24],"13":[0,0],"14":[0,0],"15":[0,0],"16":[0,0],"17":[0,0],"18":[0,0],"19":[0,0],"20":[0,0],"21":[0,0],"22":[0,0],"23":[0,0],"24":[0,0],"25":[0,0],"26":[0,0]},"meta":{"lastBranch":27,"lastFunction":7,"lastStatement":54,"seen":{"s:29:17:32:Infinity":0,"s:44:17:54:Infinity":1,"f:51:3:51:11":0,"s:51:17:51:61":2,"b:51:17:51:40:51:40:51:61":0,"f:54:3:54:14":1,"s:54:21:54:78":3,"b:54:27:54:36:54:36:54:54":1,"s:56:18:62:Infinity":4,"s:64:18:68:Infinity":5,"f:70:9:70:18":2,"s:71:2:71:Infinity":6,"f:93:16:93:28":3,"s:94:12:94:Infinity":7,"b:95:2:97:Infinity:undefined:undefined:undefined:undefined":2,"s:95:2:97:Infinity":8,"s:96:4:96:Infinity":9,"b:99:2:117:Infinity:undefined:undefined:undefined:undefined":3,"s:99:2:117:Infinity":10,"s:100:18:100:Infinity":11,"b:100:33:100:49:100:49:100:51":4,"b:101:4:108:Infinity:undefined:undefined:undefined:undefined":5,"s:101:4:108:Infinity":12,"s:102:6:107:Infinity":13,"b:109:4:115:Infinity:undefined:undefined:undefined:undefined":6,"s:109:4:115:Infinity":14,"b:109:8:109:35:109:35:109:67":7,"s:110:6:114:Infinity":15,"s:116:4:116:Infinity":16,"s:119:2:119:Infinity":17,"f:131:16:131:28":4,"s:132:21:132:Infinity":18,"b:133:2:133:Infinity:undefined:undefined:undefined:undefined":8,"s:133:2:133:Infinity":19,"s:133:22:133:Infinity":20,"s:135:15:135:Infinity":21,"b:136:2:138:Infinity:undefined:undefined:undefined:undefined":9,"s:136:2:138:Infinity":22,"b:136:6:136:23:136:23:136:43":10,"s:137:4:137:Infinity":23,"b:140:2:142:Infinity:undefined:undefined:undefined:undefined":11,"s:140:2:142:Infinity":24,"s:141:4:141:Infinity":25,"s:144:25:144:Infinity":26,"s:145:2:154:Infinity":27,"s:145:15:145:18":28,"s:146:14:146:Infinity":29,"b:147:4:152:Infinity:undefined:undefined:undefined:undefined":12,"s:147:4:152:Infinity":30,"s:148:6:151:Infinity":31,"s:153:4:153:Infinity":32,"s:156:2:156:Infinity":33,"f:160:16:160:Infinity":5,"s:163:21:163:Infinity":34,"b:164:2:164:Infinity:undefined:undefined:undefined:undefined":13,"s:164:2:164:Infinity":35,"s:164:22:164:Infinity":36,"s:166:15:166:Infinity":37,"b:167:2:167:Infinity:undefined:undefined:undefined:undefined":14,"s:167:2:167:Infinity":38,"b:167:6:167:23:167:23:167:43":15,"s:167:43:167:Infinity":39,"s:169:12:169:Infinity":40,"b:170:2:172:Infinity:undefined:undefined:undefined:undefined":16,"s:170:2:172:Infinity":41,"s:171:4:171:Infinity":42,"s:174:2:183:Infinity":43,"b:178:12:178:27:178:27:178:Infinity":17,"b:179:12:179:27:179:27:179:Infinity":18,"b:180:13:180:36:180:36:180:Infinity":19,"b:181:21:181:44:181:44:181:Infinity":20,"f:187:16:187:24":6,"s:188:21:188:Infinity":44,"b:189:2:189:Infinity:undefined:undefined:undefined:undefined":21,"s:189:2:189:Infinity":45,"s:189:22:189:Infinity":46,"s:191:15:191:Infinity":47,"b:192:2:192:Infinity:undefined:undefined:undefined:undefined":22,"s:192:2:192:Infinity":48,"b:192:6:192:23:192:23:192:43":23,"s:192:43:192:Infinity":49,"s:194:12:194:Infinity":50,"b:195:2:197:Infinity:undefined:undefined:undefined:undefined":24,"s:195:2:197:Infinity":51,"s:196:4:196:Infinity":52,"s:199:2:206:Infinity":53,"b:203:12:203:27:203:27:203:Infinity":25,"b:204:12:204:27:204:27:204:Infinity":26},"fnNames":{}}}
,"/mnt/E0AE8F90AE8F5DC2/pessoal/freestyler-holyrics/src/core/backoff.ts": {"path":"/mnt/E0AE8F90AE8F5DC2/pessoal/freestyler-holyrics/src/core/backoff.ts","statementMap":{"0":{"start":{"line":28,"column":19},"end":{"line":28,"column":null}},"1":{"start":{"line":29,"column":14},"end":{"line":29,"column":null}},"2":{"start":{"line":30,"column":2},"end":{"line":30,"column":null}}},"fnMap":{"0":{"name":"próximoIntervalo","decl":{"start":{"line":24,"column":16},"end":{"line":24,"column":null}},"loc":{"start":{"line":27,"column":10},"end":{"line":31,"column":null}},"line":27}},"branchMap":{},"s":{"0":112,"1":112,"2":112},"f":{"0":112},"b":{},"meta":{"lastBranch":0,"lastFunction":1,"lastStatement":3,"seen":{"f:24:16:24:Infinity":0,"s:28:19:28:Infinity":0,"s:29:14:29:Infinity":1,"s:30:2:30:Infinity":2},"fnNames":{}}}
,"/mnt/E0AE8F90AE8F5DC2/pessoal/freestyler-holyrics/src/core/color.ts": {"path":"/mnt/E0AE8F90AE8F5DC2/pessoal/freestyler-holyrics/src/core/color.ts","statementMap":{"0":{"start":{"line":23,"column":14},"end":{"line":23,"column":null}},"1":{"start":{"line":25,"column":2},"end":{"line":33,"column":null}},"2":{"start":{"line":26,"column":4},"end":{"line":32,"column":null}},"3":{"start":{"line":35,"column":2},"end":{"line":35,"column":null}},"4":{"start":{"line":40,"column":2},"end":{"line":45,"column":null}},"5":{"start":{"line":48,"column":18},"end":{"line":48,"column":38}},"6":{"start":{"line":61,"column":2},"end":{"line":61,"column":null}}},"fnMap":{"0":{"name":"selecionarRegiao","decl":{"start":{"line":19,"column":16},"end":{"line":19,"column":null}},"loc":{"start":{"line":22,"column":18},"end":{"line":36,"column":null}},"line":22},"1":{"name":"paraCulori","decl":{"start":{"line":39,"column":9},"end":{"line":39,"column":20}},"loc":{"start":{"line":39,"column":30},"end":{"line":46,"column":null}},"line":39},"2":{"name":"deltaE","decl":{"start":{"line":60,"column":16},"end":{"line":60,"column":23}},"loc":{"start":{"line":60,"column":47},"end":{"line":62,"column":null}},"line":60}},"branchMap":{"0":{"loc":{"start":{"line":25,"column":2},"end":{"line":33,"column":null}},"type":"if","locations":[{"start":{"line":25,"column":2},"end":{"line":33,"column":null}},{"start":{},"end":{}}],"line":25}},"s":{"0":29,"1":29,"2":3,"3":26,"4":122,"5":4,"6":61},"f":{"0":29,"1":122,"2":61},"b":{"0":[3,26]},"meta":{"lastBranch":1,"lastFunction":3,"lastStatement":7,"seen":{"f:19:16:19:Infinity":0,"s:23:14:23:Infinity":0,"b:25:2:33:Infinity:undefined:undefined:undefined:undefined":0,"s:25:2:33:Infinity":1,"s:26:4:32:Infinity":2,"s:35:2:35:Infinity":3,"f:39:9:39:20":1,"s:40:2:45:Infinity":4,"s:48:18:48:38":5,"f:60:16:60:23":2,"s:61:2:61:Infinity":6},"fnNames":{}}}
,"/mnt/E0AE8F90AE8F5DC2/pessoal/freestyler-holyrics/src/core/events.ts": {"path":"/mnt/E0AE8F90AE8F5DC2/pessoal/freestyler-holyrics/src/core/events.ts","statementMap":{"0":{"start":{"line":77,"column":39},"end":{"line":86,"column":null}},"1":{"start":{"line":90,"column":2},"end":{"line":92,"column":null}},"2":{"start":{"line":91,"column":14},"end":{"line":91,"column":null}}},"fnMap":{"0":{"name":"ordenarEventos","decl":{"start":{"line":89,"column":16},"end":{"line":89,"column":31}},"loc":{"start":{"line":89,"column":69},"end":{"line":93,"column":null}},"line":89},"1":{"name":"(anonymous_1)","decl":{"start":{"line":90,"column":22},"end":{"line":90,"column":null}},"loc":{"start":{"line":91,"column":14},"end":{"line":91,"column":null}},"line":91}},"branchMap":{},"s":{"0":2,"1":25,"2":20},"f":{"0":25,"1":20},"b":{},"meta":{"lastBranch":0,"lastFunction":2,"lastStatement":3,"seen":{"s:77:39:86:Infinity":0,"f:89:16:89:31":0,"s:90:2:92:Infinity":1,"f:90:22:90:Infinity":1,"s:91:14:91:Infinity":2},"fnNames":{}}}
,"/mnt/E0AE8F90AE8F5DC2/pessoal/freestyler-holyrics/src/core/grupo.ts": {"path":"/mnt/E0AE8F90AE8F5DC2/pessoal/freestyler-holyrics/src/core/grupo.ts","statementMap":{"0":{"start":{"line":35,"column":2},"end":{"line":35,"column":null}},"1":{"start":{"line":49,"column":15},"end":{"line":49,"column":null}},"2":{"start":{"line":50,"column":21},"end":{"line":50,"column":null}},"3":{"start":{"line":50,"column":42},"end":{"line":50,"column":57}},"4":{"start":{"line":52,"column":2},"end":{"line":54,"column":null}},"5":{"start":{"line":53,"column":4},"end":{"line":53,"column":null}},"6":{"start":{"line":56,"column":36},"end":{"line":56,"column":null}},"7":{"start":{"line":57,"column":2},"end":{"line":63,"column":null}},"8":{"start":{"line":57,"column":15},"end":{"line":57,"column":18}},"9":{"start":{"line":58,"column":21},"end":{"line":58,"column":null}},"10":{"start":{"line":59,"column":4},"end":{"line":59,"column":null}},"11":{"start":{"line":59,"column":32},"end":{"line":59,"column":null}},"12":{"start":{"line":60,"column":4},"end":{"line":62,"column":null}},"13":{"start":{"line":61,"column":6},"end":{"line":61,"column":null}},"14":{"start":{"line":65,"column":2},"end":{"line":67,"column":null}},"15":{"start":{"line":66,"column":4},"end":{"line":66,"column":null}},"16":{"start":{"line":69,"column":2},"end":{"line":72,"column":null}},"17":{"start":{"line":71,"column":4},"end":{"line":71,"column":null}},"18":{"start":{"line":71,"column":74},"end":{"line":71,"column":84}},"19":{"start":{"line":74,"column":2},"end":{"line":74,"column":null}},"20":{"start":{"line":95,"column":2},"end":{"line":95,"column":null}}},"fnMap":{"0":{"name":"normalizar","decl":{"start":{"line":34,"column":9},"end":{"line":34,"column":20}},"loc":{"start":{"line":34,"column":42},"end":{"line":36,"column":null}},"line":34},"1":{"name":"resolverGrupo","decl":{"start":{"line":45,"column":16},"end":{"line":45,"column":null}},"loc":{"start":{"line":48,"column":20},"end":{"line":75,"column":null}},"line":48},"2":{"name":"(anonymous_2)","decl":{"start":{"line":50,"column":28},"end":{"line":50,"column":36}},"loc":{"start":{"line":50,"column":42},"end":{"line":50,"column":57}},"line":50},"3":{"name":"(anonymous_3)","decl":{"start":{"line":71,"column":63},"end":{"line":71,"column":68}},"loc":{"start":{"line":71,"column":74},"end":{"line":71,"column":84}},"line":71},"4":{"name":"precisaSelecionar","decl":{"start":{"line":91,"column":16},"end":{"line":91,"column":null}},"loc":{"start":{"line":94,"column":11},"end":{"line":96,"column":null}},"line":94}},"branchMap":{"0":{"loc":{"start":{"line":52,"column":2},"end":{"line":54,"column":null}},"type":"if","locations":[{"start":{"line":52,"column":2},"end":{"line":54,"column":null}},{"start":{},"end":{}}],"line":52},"1":{"loc":{"start":{"line":59,"column":4},"end":{"line":59,"column":null}},"type":"if","locations":[{"start":{"line":59,"column":4},"end":{"line":59,"column":null}},{"start":{},"end":{}}],"line":59},"2":{"loc":{"start":{"line":60,"column":4},"end":{"line":62,"column":null}},"type":"if","locations":[{"start":{"line":60,"column":4},"end":{"line":62,"column":null}},{"start":{},"end":{}}],"line":60},"3":{"loc":{"start":{"line":65,"column":2},"end":{"line":67,"column":null}},"type":"if","locations":[{"start":{"line":65,"column":2},"end":{"line":67,"column":null}},{"start":{},"end":{}}],"line":65},"4":{"loc":{"start":{"line":69,"column":2},"end":{"line":72,"column":null}},"type":"if","locations":[{"start":{"line":69,"column":2},"end":{"line":72,"column":null}},{"start":{},"end":{}}],"line":69}},"s":{"0":83,"1":20,"2":20,"3":209,"4":20,"5":1,"6":19,"7":19,"8":19,"9":185,"10":185,"11":122,"12":63,"13":16,"14":19,"15":4,"16":15,"17":1,"18":2,"19":14,"20":38},"f":{"0":83,"1":20,"2":209,"3":2,"4":38},"b":{"0":[1,19],"1":[122,63],"2":[16,47],"3":[4,15],"4":[1,14]},"meta":{"lastBranch":5,"lastFunction":5,"lastStatement":21,"seen":{"f:34:9:34:20":0,"s:35:2:35:Infinity":0,"f:45:16:45:Infinity":1,"s:49:15:49:Infinity":1,"s:50:21:50:Infinity":2,"f:50:28:50:36":2,"s:50:42:50:57":3,"b:52:2:54:Infinity:undefined:undefined:undefined:undefined":0,"s:52:2:54:Infinity":4,"s:53:4:53:Infinity":5,"s:56:36:56:Infinity":6,"s:57:2:63:Infinity":7,"s:57:15:57:18":8,"s:58:21:58:Infinity":9,"b:59:4:59:Infinity:undefined:undefined:undefined:undefined":1,"s:59:4:59:Infinity":10,"s:59:32:59:Infinity":11,"b:60:4:62:Infinity:undefined:undefined:undefined:undefined":2,"s:60:4:62:Infinity":12,"s:61:6:61:Infinity":13,"b:65:2:67:Infinity:undefined:undefined:undefined:undefined":3,"s:65:2:67:Infinity":14,"s:66:4:66:Infinity":15,"b:69:2:72:Infinity:undefined:undefined:undefined:undefined":4,"s:69:2:72:Infinity":16,"s:71:4:71:Infinity":17,"f:71:63:71:68":3,"s:71:74:71:84":18,"s:74:2:74:Infinity":19,"f:91:16:91:Infinity":4,"s:95:2:95:Infinity":20},"fnNames":{}}}
,"/mnt/E0AE8F90AE8F5DC2/pessoal/freestyler-holyrics/src/core/heartbeat.ts": {"path":"/mnt/E0AE8F90AE8F5DC2/pessoal/freestyler-holyrics/src/core/heartbeat.ts","statementMap":{"0":{"start":{"line":31,"column":58},"end":{"line":35,"column":null}},"1":{"start":{"line":42,"column":2},"end":{"line":42,"column":null}},"2":{"start":{"line":59,"column":4},"end":{"line":59,"column":null}},"3":{"start":{"line":61,"column":25},"end":{"line":61,"column":null}},"4":{"start":{"line":63,"column":2},"end":{"line":70,"column":null}}},"fnMap":{"0":{"name":"registrarPulso","decl":{"start":{"line":38,"column":16},"end":{"line":38,"column":null}},"loc":{"start":{"line":41,"column":21},"end":{"line":43,"column":null}},"line":41},"1":{"name":"avaliarPulso","decl":{"start":{"line":53,"column":16},"end":{"line":53,"column":null}},"loc":{"start":{"line":57,"column":23},"end":{"line":71,"column":null}},"line":57}},"branchMap":{"0":{"loc":{"start":{"line":59,"column":4},"end":{"line":59,"column":null}},"type":"binary-expr","locations":[{"start":{"line":59,"column":4},"end":{"line":59,"column":35}},{"start":{"line":59,"column":35},"end":{"line":59,"column":null}}],"line":59},"1":{"loc":{"start":{"line":61,"column":25},"end":{"line":61,"column":null}},"type":"binary-expr","locations":[{"start":{"line":61,"column":25},"end":{"line":61,"column":47}},{"start":{"line":61,"column":47},"end":{"line":61,"column":null}}],"line":61},"2":{"loc":{"start":{"line":65,"column":12},"end":{"line":69,"column":null}},"type":"cond-expr","locations":[{"start":{"line":66,"column":8},"end":{"line":68,"column":null}},{"start":{"line":69,"column":8},"end":{"line":69,"column":null}}],"line":65},"3":{"loc":{"start":{"line":66,"column":8},"end":{"line":68,"column":null}},"type":"cond-expr","locations":[{"start":{"line":67,"column":10},"end":{"line":67,"column":null}},{"start":{"line":68,"column":10},"end":{"line":68,"column":null}}],"line":66}},"s":{"0":1,"1":8,"2":11,"3":11,"4":11},"f":{"0":8,"1":11},"b":{"0":[11,9],"1":[11,3],"2":[9,2],"3":[3,6]},"meta":{"lastBranch":4,"lastFunction":2,"lastStatement":5,"seen":{"s:31:58:35:Infinity":0,"f:38:16:38:Infinity":0,"s:42:2:42:Infinity":1,"f:53:16:53:Infinity":1,"s:59:4:59:Infinity":2,"b:59:4:59:35:59:35:59:Infinity":0,"s:61:25:61:Infinity":3,"b:61:25:61:47:61:47:61:Infinity":1,"s:63:2:70:Infinity":4,"b:66:8:68:Infinity:69:8:69:Infinity":2,"b:67:10:67:Infinity:68:10:68:Infinity":3},"fnNames":{}}}
,"/mnt/E0AE8F90AE8F5DC2/pessoal/freestyler-holyrics/src/core/presentation.ts": {"path":"/mnt/E0AE8F90AE8F5DC2/pessoal/freestyler-holyrics/src/core/presentation.ts","statementMap":{"0":{"start":{"line":21,"column":2},"end":{"line":21,"column":null}},"1":{"start":{"line":21,"column":32},"end":{"line":21,"column":null}},"2":{"start":{"line":22,"column":2},"end":{"line":22,"column":null}},"3":{"start":{"line":22,"column":32},"end":{"line":22,"column":null}},"4":{"start":{"line":23,"column":2},"end":{"line":23,"column":null}},"5":{"start":{"line":37,"column":28},"end":{"line":37,"column":null}},"6":{"start":{"line":38,"column":18},"end":{"line":38,"column":null}},"7":{"start":{"line":40,"column":19},"end":{"line":40,"column":null}},"8":{"start":{"line":41,"column":15},"end":{"line":41,"column":null}},"9":{"start":{"line":42,"column":15},"end":{"line":42,"column":null}},"10":{"start":{"line":44,"column":21},"end":{"line":44,"column":null}},"11":{"start":{"line":48,"column":2},"end":{"line":81,"column":null}},"12":{"start":{"line":49,"column":4},"end":{"line":80,"column":null}},"13":{"start":{"line":50,"column":6},"end":{"line":50,"column":null}},"14":{"start":{"line":51,"column":11},"end":{"line":80,"column":null}},"15":{"start":{"line":52,"column":6},"end":{"line":52,"column":null}},"16":{"start":{"line":55,"column":6},"end":{"line":55,"column":null}},"17":{"start":{"line":56,"column":11},"end":{"line":80,"column":null}},"18":{"start":{"line":57,"column":6},"end":{"line":77,"column":null}},"19":{"start":{"line":61,"column":8},"end":{"line":61,"column":null}},"20":{"start":{"line":62,"column":13},"end":{"line":77,"column":null}},"21":{"start":{"line":69,"column":8},"end":{"line":76,"column":null}},"22":{"start":{"line":85,"column":2},"end":{"line":87,"column":null}},"23":{"start":{"line":86,"column":4},"end":{"line":86,"column":null}},"24":{"start":{"line":89,"column":2},"end":{"line":89,"column":null}}},"fnMap":{"0":{"name":"mesmoTema","decl":{"start":{"line":20,"column":9},"end":{"line":20,"column":19}},"loc":{"start":{"line":20,"column":60},"end":{"line":24,"column":null}},"line":20},"1":{"name":"diferençaDeContexto","decl":{"start":{"line":33,"column":16},"end":{"line":33,"column":null}},"loc":{"start":{"line":36,"column":23},"end":{"line":90,"column":null}},"line":36}},"branchMap":{"0":{"loc":{"start":{"line":21,"column":2},"end":{"line":21,"column":null}},"type":"if","locations":[{"start":{"line":21,"column":2},"end":{"line":21,"column":null}},{"start":{},"end":{}}],"line":21},"1":{"loc":{"start":{"line":21,"column":6},"end":{"line":21,"column":32}},"type":"binary-expr","locations":[{"start":{"line":21,"column":6},"end":{"line":21,"column":20}},{"start":{"line":21,"column":20},"end":{"line":21,"column":32}}],"line":21},"2":{"loc":{"start":{"line":22,"column":2},"end":{"line":22,"column":null}},"type":"if","locations":[{"start":{"line":22,"column":2},"end":{"line":22,"column":null}},{"start":{},"end":{}}],"line":22},"3":{"loc":{"start":{"line":22,"column":6},"end":{"line":22,"column":32}},"type":"binary-expr","locations":[{"start":{"line":22,"column":6},"end":{"line":22,"column":20}},{"start":{"line":22,"column":20},"end":{"line":22,"column":32}}],"line":22},"4":{"loc":{"start":{"line":41,"column":15},"end":{"line":41,"column":null}},"type":"cond-expr","locations":[{"start":{"line":41,"column":33},"end":{"line":41,"column":54}},{"start":{"line":41,"column":54},"end":{"line":41,"column":null}}],"line":41},"5":{"loc":{"start":{"line":42,"column":15},"end":{"line":42,"column":null}},"type":"cond-expr","locations":[{"start":{"line":42,"column":33},"end":{"line":42,"column":54}},{"start":{"line":42,"column":54},"end":{"line":42,"column":null}}],"line":42},"6":{"loc":{"start":{"line":48,"column":2},"end":{"line":81,"column":null}},"type":"if","locations":[{"start":{"line":48,"column":2},"end":{"line":81,"column":null}},{"start":{},"end":{}}],"line":48},"7":{"loc":{"start":{"line":49,"column":4},"end":{"line":80,"column":null}},"type":"if","locations":[{"start":{"line":49,"column":4},"end":{"line":80,"column":null}},{"start":{"line":51,"column":11},"end":{"line":80,"column":null}}],"line":49},"8":{"loc":{"start":{"line":49,"column":8},"end":{"line":49,"column":44}},"type":"binary-expr","locations":[{"start":{"line":49,"column":8},"end":{"line":49,"column":29}},{"start":{"line":49,"column":29},"end":{"line":49,"column":44}}],"line":49},"9":{"loc":{"start":{"line":51,"column":11},"end":{"line":80,"column":null}},"type":"if","locations":[{"start":{"line":51,"column":11},"end":{"line":80,"column":null}},{"start":{"line":56,"column":11},"end":{"line":80,"column":null}}],"line":51},"10":{"loc":{"start":{"line":51,"column":15},"end":{"line":51,"column":51}},"type":"binary-expr","locations":[{"start":{"line":51,"column":15},"end":{"line":51,"column":36}},{"start":{"line":51,"column":36},"end":{"line":51,"column":51}}],"line":51},"11":{"loc":{"start":{"line":56,"column":11},"end":{"line":80,"column":null}},"type":"if","locations":[{"start":{"line":56,"column":11},"end":{"line":80,"column":null}},{"start":{},"end":{}}],"line":56},"12":{"loc":{"start":{"line":56,"column":15},"end":{"line":56,"column":51}},"type":"binary-expr","locations":[{"start":{"line":56,"column":15},"end":{"line":56,"column":36}},{"start":{"line":56,"column":36},"end":{"line":56,"column":51}}],"line":56},"13":{"loc":{"start":{"line":57,"column":6},"end":{"line":77,"column":null}},"type":"if","locations":[{"start":{"line":57,"column":6},"end":{"line":77,"column":null}},{"start":{"line":62,"column":13},"end":{"line":77,"column":null}}],"line":57},"14":{"loc":{"start":{"line":62,"column":13},"end":{"line":77,"column":null}},"type":"if","locations":[{"start":{"line":62,"column":13},"end":{"line":77,"column":null}},{"start":{},"end":{}}],"line":62},"15":{"loc":{"start":{"line":63,"column":8},"end":{"line":65,"column":null}},"type":"binary-expr","locations":[{"start":{"line":63,"column":8},"end":{"line":63,"column":null}},{"start":{"line":64,"column":8},"end":{"line":64,"column":null}},{"start":{"line":65,"column":8},"end":{"line":65,"column":null}}],"line":63},"16":{"loc":{"start":{"line":85,"column":2},"end":{"line":87,"column":null}},"type":"if","locations":[{"start":{"line":85,"column":2},"end":{"line":87,"column":null}},{"start":{},"end":{}}],"line":85},"17":{"loc":{"start":{"line":85,"column":6},"end":{"line":85,"column":56}},"type":"binary-expr","locations":[{"start":{"line":85,"column":6},"end":{"line":85,"column":25}},{"start":{"line":85,"column":25},"end":{"line":85,"column":56}}],"line":85}},"s":{"0":43,"1":35,"2":8,"3":3,"4":5,"5":45,"6":45,"7":45,"8":45,"9":45,"10":45,"11":45,"12":41,"13":19,"14":22,"15":3,"16":3,"17":19,"18":18,"19":5,"20":13,"21":3,"22":45,"23":7,"24":45},"f":{"0":43,"1":45},"b":{"0":[35,8],"1":[43,37],"2":[3,5],"3":[8,6],"4":[41,4],"5":[43,2],"6":[41,4],"7":[19,22],"8":[41,20],"9":[3,19],"10":[22,21],"11":[18,1],"12":[19,18],"13":[5,13],"14":[3,10],"15":[13,12,12],"16":[7,38],"17":[45,43]},"meta":{"lastBranch":18,"lastFunction":2,"lastStatement":25,"seen":{"f:20:9:20:19":0,"b:21:2:21:Infinity:undefined:undefined:undefined:undefined":0,"s:21:2:21:Infinity":0,"b:21:6:21:20:21:20:21:32":1,"s:21:32:21:Infinity":1,"b:22:2:22:Infinity:undefined:undefined:undefined:undefined":2,"s:22:2:22:Infinity":2,"b:22:6:22:20:22:20:22:32":3,"s:22:32:22:Infinity":3,"s:23:2:23:Infinity":4,"f:33:16:33:Infinity":1,"s:37:28:37:Infinity":5,"s:38:18:38:Infinity":6,"s:40:19:40:Infinity":7,"s:41:15:41:Infinity":8,"b:41:33:41:54:41:54:41:Infinity":4,"s:42:15:42:Infinity":9,"b:42:33:42:54:42:54:42:Infinity":5,"s:44:21:44:Infinity":10,"b:48:2:81:Infinity:undefined:undefined:undefined:undefined":6,"s:48:2:81:Infinity":11,"b:49:4:80:Infinity:51:11:80:Infinity":7,"s:49:4:80:Infinity":12,"b:49:8:49:29:49:29:49:44":8,"s:50:6:50:Infinity":13,"b:51:11:80:Infinity:56:11:80:Infinity":9,"s:51:11:80:Infinity":14,"b:51:15:51:36:51:36:51:51":10,"s:52:6:52:Infinity":15,"s:55:6:55:Infinity":16,"b:56:11:80:Infinity:undefined:undefined:undefined:undefined":11,"s:56:11:80:Infinity":17,"b:56:15:56:36:56:36:56:51":12,"b:57:6:77:Infinity:62:13:77:Infinity":13,"s:57:6:77:Infinity":18,"s:61:8:61:Infinity":19,"b:62:13:77:Infinity:undefined:undefined:undefined:undefined":14,"s:62:13:77:Infinity":20,"b:63:8:63:Infinity:64:8:64:Infinity:65:8:65:Infinity":15,"s:69:8:76:Infinity":21,"b:85:2:87:Infinity:undefined:undefined:undefined:undefined":16,"s:85:2:87:Infinity":22,"b:85:6:85:25:85:25:85:56":17,"s:86:4:86:Infinity":23,"s:89:2:89:Infinity":24},"fnNames":{}}}
,"/mnt/E0AE8F90AE8F5DC2/pessoal/freestyler-holyrics/src/core/saida.ts": {"path":"/mnt/E0AE8F90AE8F5DC2/pessoal/freestyler-holyrics/src/core/saida.ts","statementMap":{"0":{"start":{"line":56,"column":2},"end":{"line":61,"column":null}},"1":{"start":{"line":65,"column":2},"end":{"line":65,"column":null}},"2":{"start":{"line":65,"column":32},"end":{"line":65,"column":null}},"3":{"start":{"line":66,"column":2},"end":{"line":66,"column":null}},"4":{"start":{"line":84,"column":2},"end":{"line":86,"column":null}},"5":{"start":{"line":85,"column":4},"end":{"line":85,"column":null}},"6":{"start":{"line":88,"column":2},"end":{"line":93,"column":null}},"7":{"start":{"line":91,"column":4},"end":{"line":91,"column":null}},"8":{"start":{"line":91,"column":28},"end":{"line":91,"column":null}},"9":{"start":{"line":92,"column":4},"end":{"line":92,"column":null}},"10":{"start":{"line":95,"column":2},"end":{"line":95,"column":null}},"11":{"start":{"line":112,"column":2},"end":{"line":112,"column":null}},"12":{"start":{"line":112,"column":26},"end":{"line":112,"column":null}},"13":{"start":{"line":114,"column":2},"end":{"line":114,"column":null}},"14":{"start":{"line":114,"column":37},"end":{"line":114,"column":null}},"15":{"start":{"line":115,"column":2},"end":{"line":115,"column":null}},"16":{"start":{"line":115,"column":68},"end":{"line":115,"column":null}},"17":{"start":{"line":117,"column":2},"end":{"line":117,"column":null}},"18":{"start":{"line":117,"column":21},"end":{"line":117,"column":null}},"19":{"start":{"line":118,"column":2},"end":{"line":118,"column":null}},"20":{"start":{"line":118,"column":29},"end":{"line":118,"column":null}},"21":{"start":{"line":120,"column":31},"end":{"line":120,"column":null}},"22":{"start":{"line":124,"column":2},"end":{"line":128,"column":null}},"23":{"start":{"line":125,"column":4},"end":{"line":125,"column":null}},"24":{"start":{"line":127,"column":4},"end":{"line":127,"column":null}},"25":{"start":{"line":130,"column":2},"end":{"line":130,"column":null}},"26":{"start":{"line":131,"column":2},"end":{"line":131,"column":null}}},"fnMap":{"0":{"name":"estadoInicial","decl":{"start":{"line":55,"column":16},"end":{"line":55,"column":47}},"loc":{"start":{"line":55,"column":47},"end":{"line":62,"column":null}},"line":55},"1":{"name":"mesmaCor","decl":{"start":{"line":64,"column":9},"end":{"line":64,"column":18}},"loc":{"start":{"line":64,"column":57},"end":{"line":67,"column":null}},"line":64},"2":{"name":"aplicarEvento","decl":{"start":{"line":79,"column":16},"end":{"line":79,"column":null}},"loc":{"start":{"line":83,"column":17},"end":{"line":96,"column":null}},"line":83},"3":{"name":"planejarEnvio","decl":{"start":{"line":105,"column":16},"end":{"line":105,"column":null}},"loc":{"start":{"line":108,"column":26},"end":{"line":132,"column":null}},"line":108}},"branchMap":{"0":{"loc":{"start":{"line":65,"column":2},"end":{"line":65,"column":null}},"type":"if","locations":[{"start":{"line":65,"column":2},"end":{"line":65,"column":null}},{"start":{},"end":{}}],"line":65},"1":{"loc":{"start":{"line":65,"column":6},"end":{"line":65,"column":32}},"type":"binary-expr","locations":[{"start":{"line":65,"column":6},"end":{"line":65,"column":20}},{"start":{"line":65,"column":20},"end":{"line":65,"column":32}}],"line":65},"2":{"loc":{"start":{"line":66,"column":9},"end":{"line":66,"column":null}},"type":"binary-expr","locations":[{"start":{"line":66,"column":9},"end":{"line":66,"column":24}},{"start":{"line":66,"column":24},"end":{"line":66,"column":39}},{"start":{"line":66,"column":39},"end":{"line":66,"column":null}}],"line":66},"3":{"loc":{"start":{"line":84,"column":2},"end":{"line":86,"column":null}},"type":"if","locations":[{"start":{"line":84,"column":2},"end":{"line":86,"column":null}},{"start":{},"end":{}}],"line":84},"4":{"loc":{"start":{"line":88,"column":2},"end":{"line":93,"column":null}},"type":"if","locations":[{"start":{"line":88,"column":2},"end":{"line":93,"column":null}},{"start":{},"end":{}}],"line":88},"5":{"loc":{"start":{"line":91,"column":4},"end":{"line":91,"column":null}},"type":"if","locations":[{"start":{"line":91,"column":4},"end":{"line":91,"column":null}},{"start":{},"end":{}}],"line":91},"6":{"loc":{"start":{"line":112,"column":2},"end":{"line":112,"column":null}},"type":"if","locations":[{"start":{"line":112,"column":2},"end":{"line":112,"column":null}},{"start":{},"end":{}}],"line":112},"7":{"loc":{"start":{"line":114,"column":2},"end":{"line":114,"column":null}},"type":"if","locations":[{"start":{"line":114,"column":2},"end":{"line":114,"column":null}},{"start":{},"end":{}}],"line":114},"8":{"loc":{"start":{"line":115,"column":2},"end":{"line":115,"column":null}},"type":"if","locations":[{"start":{"line":115,"column":2},"end":{"line":115,"column":null}},{"start":{},"end":{}}],"line":115},"9":{"loc":{"start":{"line":117,"column":2},"end":{"line":117,"column":null}},"type":"if","locations":[{"start":{"line":117,"column":2},"end":{"line":117,"column":null}},{"start":{},"end":{}}],"line":117},"10":{"loc":{"start":{"line":118,"column":2},"end":{"line":118,"column":null}},"type":"if","locations":[{"start":{"line":118,"column":2},"end":{"line":118,"column":null}},{"start":{},"end":{}}],"line":118},"11":{"loc":{"start":{"line":124,"column":2},"end":{"line":128,"column":null}},"type":"if","locations":[{"start":{"line":124,"column":2},"end":{"line":128,"column":null}},{"start":{},"end":{}}],"line":124}},"s":{"0":29,"1":63,"2":41,"3":22,"4":46,"5":36,"6":10,"7":4,"8":2,"9":2,"10":6,"11":66,"12":2,"13":64,"14":1,"15":63,"16":2,"17":61,"18":20,"19":41,"20":11,"21":30,"22":30,"23":18,"24":18,"25":30,"26":30},"f":{"0":29,"1":63,"2":46,"3":66},"b":{"0":[41,22],"1":[63,63],"2":[22,2,2],"3":[36,10],"4":[4,6],"5":[2,2],"6":[2,64],"7":[1,63],"8":[2,61],"9":[20,41],"10":[11,30],"11":[18,12]},"meta":{"lastBranch":12,"lastFunction":4,"lastStatement":27,"seen":{"f:55:16:55:47":0,"s:56:2:61:Infinity":0,"f:64:9:64:18":1,"b:65:2:65:Infinity:undefined:undefined:undefined:undefined":0,"s:65:2:65:Infinity":1,"b:65:6:65:20:65:20:65:32":1,"s:65:32:65:Infinity":2,"s:66:2:66:Infinity":3,"b:66:9:66:24:66:24:66:39:66:39:66:Infinity":2,"f:79:16:79:Infinity":2,"b:84:2:86:Infinity:undefined:undefined:undefined:undefined":3,"s:84:2:86:Infinity":4,"s:85:4:85:Infinity":5,"b:88:2:93:Infinity:undefined:undefined:undefined:undefined":4,"s:88:2:93:Infinity":6,"b:91:4:91:Infinity:undefined:undefined:undefined:undefined":5,"s:91:4:91:Infinity":7,"s:91:28:91:Infinity":8,"s:92:4:92:Infinity":9,"s:95:2:95:Infinity":10,"f:105:16:105:Infinity":3,"b:112:2:112:Infinity:undefined:undefined:undefined:undefined":6,"s:112:2:112:Infinity":11,"s:112:26:112:Infinity":12,"b:114:2:114:Infinity:undefined:undefined:undefined:undefined":7,"s:114:2:114:Infinity":13,"s:114:37:114:Infinity":14,"b:115:2:115:Infinity:undefined:undefined:undefined:undefined":8,"s:115:2:115:Infinity":15,"s:115:68:115:Infinity":16,"b:117:2:117:Infinity:undefined:undefined:undefined:undefined":9,"s:117:2:117:Infinity":17,"s:117:21:117:Infinity":18,"b:118:2:118:Infinity:undefined:undefined:undefined:undefined":10,"s:118:2:118:Infinity":19,"s:118:29:118:Infinity":20,"s:120:31:120:Infinity":21,"b:124:2:128:Infinity:undefined:undefined:undefined:undefined":11,"s:124:2:128:Infinity":22,"s:125:4:125:Infinity":23,"s:127:4:127:Infinity":24,"s:130:2:130:Infinity":25,"s:131:2:131:Infinity":26},"fnNames":{}}}
,"/mnt/E0AE8F90AE8F5DC2/pessoal/freestyler-holyrics/src/core/stability.ts": {"path":"/mnt/E0AE8F90AE8F5DC2/pessoal/freestyler-holyrics/src/core/stability.ts","statementMap":{"0":{"start":{"line":48,"column":21},"end":{"line":48,"column":null}},"1":{"start":{"line":50,"column":2},"end":{"line":62,"column":null}},"2":{"start":{"line":51,"column":4},"end":{"line":61,"column":null}},"3":{"start":{"line":67,"column":20},"end":{"line":67,"column":null}},"4":{"start":{"line":69,"column":2},"end":{"line":78,"column":null}},"5":{"start":{"line":72,"column":4},"end":{"line":77,"column":null}},"6":{"start":{"line":80,"column":23},"end":{"line":80,"column":null}},"7":{"start":{"line":82,"column":2},"end":{"line":89,"column":null}},"8":{"start":{"line":83,"column":4},"end":{"line":88,"column":null}},"9":{"start":{"line":93,"column":2},"end":{"line":103,"column":null}}},"fnMap":{"0":{"name":"avaliarCor","decl":{"start":{"line":43,"column":16},"end":{"line":43,"column":null}},"loc":{"start":{"line":47,"column":16},"end":{"line":104,"column":null}},"line":47}},"branchMap":{"0":{"loc":{"start":{"line":50,"column":2},"end":{"line":62,"column":null}},"type":"if","locations":[{"start":{"line":50,"column":2},"end":{"line":62,"column":null}},{"start":{},"end":{}}],"line":50},"1":{"loc":{"start":{"line":69,"column":2},"end":{"line":78,"column":null}},"type":"if","locations":[{"start":{"line":69,"column":2},"end":{"line":78,"column":null}},{"start":{},"end":{}}],"line":69},"2":{"loc":{"start":{"line":82,"column":2},"end":{"line":89,"column":null}},"type":"if","locations":[{"start":{"line":82,"column":2},"end":{"line":89,"column":null}},{"start":{},"end":{}}],"line":82}},"s":{"0":72,"1":72,"2":16,"3":56,"4":56,"5":22,"6":34,"7":34,"8":23,"9":11},"f":{"0":72},"b":{"0":[16,56],"1":[22,34],"2":[23,11]},"meta":{"lastBranch":3,"lastFunction":1,"lastStatement":10,"seen":{"f:43:16:43:Infinity":0,"s:48:21:48:Infinity":0,"b:50:2:62:Infinity:undefined:undefined:undefined:undefined":0,"s:50:2:62:Infinity":1,"s:51:4:61:Infinity":2,"s:67:20:67:Infinity":3,"b:69:2:78:Infinity:undefined:undefined:undefined:undefined":1,"s:69:2:78:Infinity":4,"s:72:4:77:Infinity":5,"s:80:23:80:Infinity":6,"b:82:2:89:Infinity:undefined:undefined:undefined:undefined":2,"s:82:2:89:Infinity":7,"s:83:4:88:Infinity":8,"s:93:2:103:Infinity":9},"fnNames":{}}}
,"/mnt/E0AE8F90AE8F5DC2/pessoal/freestyler-holyrics/src/core/state.ts": {"path":"/mnt/E0AE8F90AE8F5DC2/pessoal/freestyler-holyrics/src/core/state.ts","statementMap":{"0":{"start":{"line":91,"column":47},"end":{"line":98,"column":null}},"1":{"start":{"line":128,"column":28},"end":{"line":128,"column":null}},"2":{"start":{"line":131,"column":19},"end":{"line":131,"column":null}},"3":{"start":{"line":132,"column":2},"end":{"line":132,"column":null}},"4":{"start":{"line":134,"column":24},"end":{"line":134,"column":null}},"5":{"start":{"line":135,"column":18},"end":{"line":135,"column":null}},"6":{"start":{"line":136,"column":28},"end":{"line":138,"column":null}},"7":{"start":{"line":141,"column":21},"end":{"line":141,"column":null}},"8":{"start":{"line":149,"column":26},"end":{"line":149,"column":null}},"9":{"start":{"line":151,"column":2},"end":{"line":179,"column":null}},"10":{"start":{"line":152,"column":24},"end":{"line":152,"column":null}},"11":{"start":{"line":154,"column":4},"end":{"line":177,"column":null}},"12":{"start":{"line":155,"column":6},"end":{"line":155,"column":null}},"13":{"start":{"line":157,"column":22},"end":{"line":161,"column":null}},"14":{"start":{"line":163,"column":6},"end":{"line":163,"column":null}},"15":{"start":{"line":164,"column":6},"end":{"line":164,"column":null}},"16":{"start":{"line":165,"column":6},"end":{"line":165,"column":null}},"17":{"start":{"line":167,"column":6},"end":{"line":176,"column":null}},"18":{"start":{"line":168,"column":8},"end":{"line":175,"column":null}},"19":{"start":{"line":182,"column":2},"end":{"line":196,"column":null}}},"fnMap":{"0":{"name":"aplicarCiclo","decl":{"start":{"line":123,"column":16},"end":{"line":123,"column":null}},"loc":{"start":{"line":127,"column":20},"end":{"line":197,"column":null}},"line":127}},"branchMap":{"0":{"loc":{"start":{"line":134,"column":24},"end":{"line":134,"column":null}},"type":"cond-expr","locations":[{"start":{"line":134,"column":48},"end":{"line":134,"column":55}},{"start":{"line":134,"column":55},"end":{"line":134,"column":null}}],"line":134},"1":{"loc":{"start":{"line":135,"column":18},"end":{"line":135,"column":null}},"type":"cond-expr","locations":[{"start":{"line":135,"column":42},"end":{"line":135,"column":49}},{"start":{"line":135,"column":49},"end":{"line":135,"column":null}}],"line":135},"2":{"loc":{"start":{"line":136,"column":28},"end":{"line":138,"column":null}},"type":"cond-expr","locations":[{"start":{"line":137,"column":6},"end":{"line":137,"column":null}},{"start":{"line":138,"column":6},"end":{"line":138,"column":null}}],"line":136},"3":{"loc":{"start":{"line":149,"column":26},"end":{"line":149,"column":null}},"type":"binary-expr","locations":[{"start":{"line":149,"column":26},"end":{"line":149,"column":45}},{"start":{"line":149,"column":45},"end":{"line":149,"column":null}}],"line":149},"4":{"loc":{"start":{"line":151,"column":2},"end":{"line":179,"column":null}},"type":"if","locations":[{"start":{"line":151,"column":2},"end":{"line":179,"column":null}},{"start":{},"end":{}}],"line":151},"5":{"loc":{"start":{"line":151,"column":6},"end":{"line":151,"column":42}},"type":"binary-expr","locations":[{"start":{"line":151,"column":6},"end":{"line":151,"column":24}},{"start":{"line":151,"column":24},"end":{"line":151,"column":42}}],"line":151},"6":{"loc":{"start":{"line":154,"column":4},"end":{"line":177,"column":null}},"type":"if","locations":[{"start":{"line":154,"column":4},"end":{"line":177,"column":null}},{"start":{},"end":{}}],"line":154},"7":{"loc":{"start":{"line":167,"column":6},"end":{"line":176,"column":null}},"type":"if","locations":[{"start":{"line":167,"column":6},"end":{"line":176,"column":null}},{"start":{},"end":{}}],"line":167},"8":{"loc":{"start":{"line":191,"column":14},"end":{"line":191,"column":null}},"type":"cond-expr","locations":[{"start":{"line":191,"column":32},"end":{"line":191,"column":50}},{"start":{"line":191,"column":50},"end":{"line":191,"column":null}}],"line":191},"9":{"loc":{"start":{"line":192,"column":14},"end":{"line":192,"column":null}},"type":"cond-expr","locations":[{"start":{"line":192,"column":32},"end":{"line":192,"column":50}},{"start":{"line":192,"column":50},"end":{"line":192,"column":null}}],"line":192}},"s":{"0":2,"1":25,"2":25,"3":25,"4":25,"5":25,"6":25,"7":25,"8":25,"9":25,"10":23,"11":23,"12":22,"13":22,"14":22,"15":22,"16":22,"17":22,"18":18,"19":25},"f":{"0":25},"b":{"0":[1,24],"1":[1,24],"2":[1,24],"3":[25,22],"4":[23,2],"5":[25,24],"6":[22,1],"7":[18,4],"8":[22,3],"9":[24,1]},"meta":{"lastBranch":10,"lastFunction":1,"lastStatement":20,"seen":{"s:91:47:98:Infinity":0,"f:123:16:123:Infinity":0,"s:128:28:128:Infinity":1,"s:131:19:131:Infinity":2,"s:132:2:132:Infinity":3,"s:134:24:134:Infinity":4,"b:134:48:134:55:134:55:134:Infinity":0,"s:135:18:135:Infinity":5,"b:135:42:135:49:135:49:135:Infinity":1,"s:136:28:138:Infinity":6,"b:137:6:137:Infinity:138:6:138:Infinity":2,"s:141:21:141:Infinity":7,"s:149:26:149:Infinity":8,"b:149:26:149:45:149:45:149:Infinity":3,"b:151:2:179:Infinity:undefined:undefined:undefined:undefined":4,"s:151:2:179:Infinity":9,"b:151:6:151:24:151:24:151:42":5,"s:152:24:152:Infinity":10,"b:154:4:177:Infinity:undefined:undefined:undefined:undefined":6,"s:154:4:177:Infinity":11,"s:155:6:155:Infinity":12,"s:157:22:161:Infinity":13,"s:163:6:163:Infinity":14,"s:164:6:164:Infinity":15,"s:165:6:165:Infinity":16,"b:167:6:176:Infinity:undefined:undefined:undefined:undefined":7,"s:167:6:176:Infinity":17,"s:168:8:175:Infinity":18,"s:182:2:196:Infinity":19,"b:191:32:191:50:191:50:191:Infinity":8,"b:192:32:192:50:192:50:192:Infinity":9},"fnNames":{}}}
,"/mnt/E0AE8F90AE8F5DC2/pessoal/freestyler-holyrics/src/service/availability.ts": {"path":"/mnt/E0AE8F90AE8F5DC2/pessoal/freestyler-holyrics/src/service/availability.ts","statementMap":{"0":{"start":{"line":34,"column":64},"end":{"line":38,"column":null}},"1":{"start":{"line":48,"column":2},"end":{"line":48,"column":null}},"2":{"start":{"line":55,"column":21},"end":{"line":55,"column":null}},"3":{"start":{"line":57,"column":18},"end":{"line":59,"column":null}},"4":{"start":{"line":58,"column":19},"end":{"line":58,"column":24}},"5":{"start":{"line":59,"column":17},"end":{"line":59,"column":55}},"6":{"start":{"line":63,"column":4},"end":{"line":63,"column":null}},"7":{"start":{"line":65,"column":21},"end":{"line":65,"column":null}},"8":{"start":{"line":66,"column":29},"end":{"line":68,"column":null}},"9":{"start":{"line":69,"column":28},"end":{"line":69,"column":null}},"10":{"start":{"line":74,"column":25},"end":{"line":74,"column":null}},"11":{"start":{"line":76,"column":2},"end":{"line":86,"column":null}},"12":{"start":{"line":77,"column":4},"end":{"line":85,"column":null}},"13":{"start":{"line":88,"column":2},"end":{"line":88,"column":null}},"14":{"start":{"line":99,"column":2},"end":{"line":101,"column":null}}},"fnMap":{"0":{"name":"éFalhaDeConexão","decl":{"start":{"line":47,"column":9},"end":{"line":47,"column":25}},"loc":{"start":{"line":47,"column":57},"end":{"line":49,"column":null}},"line":47},"1":{"name":"avaliarDisponibilidade","decl":{"start":{"line":51,"column":16},"end":{"line":51,"column":null}},"loc":{"start":{"line":54,"column":29},"end":{"line":89,"column":null}},"line":54},"2":{"name":"(anonymous_2)","decl":{"start":{"line":58,"column":5},"end":{"line":58,"column":13}},"loc":{"start":{"line":58,"column":19},"end":{"line":58,"column":24}},"line":58},"3":{"name":"(anonymous_3)","decl":{"start":{"line":59,"column":5},"end":{"line":59,"column":10}},"loc":{"start":{"line":59,"column":17},"end":{"line":59,"column":55}},"line":59},"4":{"name":"causaDaPerda","decl":{"start":{"line":98,"column":9},"end":{"line":98,"column":22}},"loc":{"start":{"line":98,"column":71},"end":{"line":102,"column":null}},"line":98}},"branchMap":{"0":{"loc":{"start":{"line":48,"column":9},"end":{"line":48,"column":null}},"type":"binary-expr","locations":[{"start":{"line":48,"column":9},"end":{"line":48,"column":38}},{"start":{"line":48,"column":38},"end":{"line":48,"column":null}}],"line":48},"1":{"loc":{"start":{"line":63,"column":4},"end":{"line":63,"column":null}},"type":"binary-expr","locations":[{"start":{"line":63,"column":4},"end":{"line":63,"column":44}},{"start":{"line":63,"column":44},"end":{"line":63,"column":null}}],"line":63},"2":{"loc":{"start":{"line":66,"column":29},"end":{"line":68,"column":null}},"type":"cond-expr","locations":[{"start":{"line":67,"column":6},"end":{"line":67,"column":null}},{"start":{"line":68,"column":6},"end":{"line":68,"column":null}}],"line":66},"3":{"loc":{"start":{"line":74,"column":25},"end":{"line":74,"column":null}},"type":"binary-expr","locations":[{"start":{"line":74,"column":25},"end":{"line":74,"column":47}},{"start":{"line":74,"column":47},"end":{"line":74,"column":null}}],"line":74},"4":{"loc":{"start":{"line":76,"column":2},"end":{"line":86,"column":null}},"type":"if","locations":[{"start":{"line":76,"column":2},"end":{"line":86,"column":null}},{"start":{},"end":{}}],"line":76},"5":{"loc":{"start":{"line":78,"column":6},"end":{"line":84,"column":null}},"type":"cond-expr","locations":[{"start":{"line":79,"column":10},"end":{"line":79,"column":null}},{"start":{"line":80,"column":10},"end":{"line":84,"column":null}}],"line":78},"6":{"loc":{"start":{"line":99,"column":9},"end":{"line":101,"column":null}},"type":"cond-expr","locations":[{"start":{"line":100,"column":6},"end":{"line":100,"column":null}},{"start":{"line":101,"column":6},"end":{"line":101,"column":null}}],"line":99}},"s":{"0":1,"1":43,"2":30,"3":30,"4":90,"5":48,"6":30,"7":30,"8":30,"9":30,"10":30,"11":30,"12":21,"13":30,"14":9},"f":{"0":43,"1":30,"2":90,"3":48,"4":9},"b":{"0":[43,8],"1":[30,15],"2":[14,16],"3":[30,17],"4":[21,9],"5":[12,9],"6":[3,6]},"meta":{"lastBranch":7,"lastFunction":5,"lastStatement":15,"seen":{"s:34:64:38:Infinity":0,"f:47:9:47:25":0,"s:48:2:48:Infinity":1,"b:48:9:48:38:48:38:48:Infinity":0,"f:51:16:51:Infinity":1,"s:55:21:55:Infinity":2,"s:57:18:59:Infinity":3,"f:58:5:58:13":2,"s:58:19:58:24":4,"f:59:5:59:10":3,"s:59:17:59:55":5,"s:63:4:63:Infinity":6,"b:63:4:63:44:63:44:63:Infinity":1,"s:65:21:65:Infinity":7,"s:66:29:68:Infinity":8,"b:67:6:67:Infinity:68:6:68:Infinity":2,"s:69:28:69:Infinity":9,"s:74:25:74:Infinity":10,"b:74:25:74:47:74:47:74:Infinity":3,"b:76:2:86:Infinity:undefined:undefined:undefined:undefined":4,"s:76:2:86:Infinity":11,"s:77:4:85:Infinity":12,"b:79:10:79:Infinity:80:10:84:Infinity":5,"s:88:2:88:Infinity":13,"f:98:9:98:22":4,"s:99:2:101:Infinity":14,"b:100:6:100:Infinity:101:6:101:Infinity":6},"fnNames":{}}}
,"/mnt/E0AE8F90AE8F5DC2/pessoal/freestyler-holyrics/src/service/saida-dmx.ts": {"path":"/mnt/E0AE8F90AE8F5DC2/pessoal/freestyler-holyrics/src/service/saida-dmx.ts","statementMap":{"0":{"start":{"line":55,"column":20},"end":{"line":55,"column":null}},"1":{"start":{"line":58,"column":2},"end":{"line":58,"column":null}},"2":{"start":{"line":62,"column":39},"end":{"line":62,"column":null}},"3":{"start":{"line":64,"column":15},"end":{"line":64,"column":29}},"4":{"start":{"line":65,"column":35},"end":{"line":65,"column":null}},"5":{"start":{"line":66,"column":21},"end":{"line":66,"column":null}},"6":{"start":{"line":67,"column":31},"end":{"line":67,"column":null}},"7":{"start":{"line":70,"column":19},"end":{"line":70,"column":null}},"8":{"start":{"line":71,"column":4},"end":{"line":71,"column":null}},"9":{"start":{"line":71,"column":20},"end":{"line":71,"column":null}},"10":{"start":{"line":72,"column":19},"end":{"line":72,"column":null}},"11":{"start":{"line":73,"column":4},"end":{"line":73,"column":null}},"12":{"start":{"line":73,"column":20},"end":{"line":73,"column":null}},"13":{"start":{"line":75,"column":4},"end":{"line":80,"column":null}},"14":{"start":{"line":79,"column":54},"end":{"line":79,"column":70}},"15":{"start":{"line":86,"column":4},"end":{"line":86,"column":null}},"16":{"start":{"line":86,"column":42},"end":{"line":86,"column":null}},"17":{"start":{"line":87,"column":4},"end":{"line":87,"column":null}},"18":{"start":{"line":88,"column":4},"end":{"line":88,"column":null}},"19":{"start":{"line":92,"column":14},"end":{"line":92,"column":null}},"20":{"start":{"line":93,"column":4},"end":{"line":99,"column":null}},"21":{"start":{"line":94,"column":6},"end":{"line":97,"column":null}},"22":{"start":{"line":98,"column":6},"end":{"line":98,"column":null}},"23":{"start":{"line":104,"column":22},"end":{"line":104,"column":null}},"24":{"start":{"line":105,"column":4},"end":{"line":108,"column":null}},"25":{"start":{"line":109,"column":4},"end":{"line":116,"column":null}},"26":{"start":{"line":117,"column":4},"end":{"line":117,"column":null}},"27":{"start":{"line":128,"column":37},"end":{"line":128,"column":null}},"28":{"start":{"line":130,"column":4},"end":{"line":190,"column":null}},"29":{"start":{"line":130,"column":21},"end":{"line":130,"column":24}},"30":{"start":{"line":131,"column":20},"end":{"line":131,"column":null}},"31":{"start":{"line":132,"column":6},"end":{"line":132,"column":null}},"32":{"start":{"line":132,"column":30},"end":{"line":132,"column":null}},"33":{"start":{"line":134,"column":6},"end":{"line":189,"column":null}},"34":{"start":{"line":135,"column":8},"end":{"line":139,"column":null}},"35":{"start":{"line":136,"column":10},"end":{"line":136,"column":null}},"36":{"start":{"line":137,"column":10},"end":{"line":137,"column":null}},"37":{"start":{"line":137,"column":29},"end":{"line":137,"column":null}},"38":{"start":{"line":138,"column":10},"end":{"line":138,"column":null}},"39":{"start":{"line":141,"column":8},"end":{"line":160,"column":null}},"40":{"start":{"line":142,"column":20},"end":{"line":142,"column":null}},"41":{"start":{"line":143,"column":10},"end":{"line":152,"column":null}},"42":{"start":{"line":144,"column":12},"end":{"line":150,"column":null}},"43":{"start":{"line":151,"column":12},"end":{"line":151,"column":null}},"44":{"start":{"line":153,"column":10},"end":{"line":153,"column":null}},"45":{"start":{"line":154,"column":10},"end":{"line":154,"column":null}},"46":{"start":{"line":155,"column":10},"end":{"line":158,"column":null}},"47":{"start":{"line":159,"column":10},"end":{"line":159,"column":null}},"48":{"start":{"line":162,"column":8},"end":{"line":166,"column":null}},"49":{"start":{"line":163,"column":24},"end":{"line":163,"column":null}},"50":{"start":{"line":164,"column":10},"end":{"line":164,"column":null}},"51":{"start":{"line":164,"column":25},"end":{"line":164,"column":null}},"52":{"start":{"line":165,"column":10},"end":{"line":165,"column":null}},"53":{"start":{"line":168,"column":8},"end":{"line":180,"column":null}},"54":{"start":{"line":171,"column":23},"end":{"line":171,"column":null}},"55":{"start":{"line":172,"column":10},"end":{"line":172,"column":null}},"56":{"start":{"line":172,"column":29},"end":{"line":172,"column":null}},"57":{"start":{"line":173,"column":10},"end":{"line":173,"column":null}},"58":{"start":{"line":174,"column":27},"end":{"line":174,"column":null}},"59":{"start":{"line":175,"column":10},"end":{"line":178,"column":null}},"60":{"start":{"line":176,"column":12},"end":{"line":176,"column":null}},"61":{"start":{"line":177,"column":12},"end":{"line":177,"column":null}},"62":{"start":{"line":179,"column":10},"end":{"line":179,"column":null}},"63":{"start":{"line":182,"column":8},"end":{"line":188,"column":null}},"64":{"start":{"line":183,"column":22},"end":{"line":183,"column":null}},"65":{"start":{"line":184,"column":10},"end":{"line":184,"column":null}},"66":{"start":{"line":184,"column":33},"end":{"line":184,"column":null}},"67":{"start":{"line":186,"column":10},"end":{"line":186,"column":null}},"68":{"start":{"line":187,"column":10},"end":{"line":187,"column":null}},"69":{"start":{"line":195,"column":4},"end":{"line":197,"column":null}},"70":{"start":{"line":196,"column":6},"end":{"line":196,"column":null}},"71":{"start":{"line":198,"column":4},"end":{"line":198,"column":null}},"72":{"start":{"line":201,"column":2},"end":{"line":265,"column":null}},"73":{"start":{"line":202,"column":18},"end":{"line":202,"column":null}},"74":{"start":{"line":205,"column":52},"end":{"line":210,"column":null}},"75":{"start":{"line":212,"column":6},"end":{"line":215,"column":null}},"76":{"start":{"line":213,"column":8},"end":{"line":213,"column":null}},"77":{"start":{"line":214,"column":8},"end":{"line":214,"column":null}},"78":{"start":{"line":217,"column":20},"end":{"line":217,"column":null}},"79":{"start":{"line":218,"column":19},"end":{"line":218,"column":null}},"80":{"start":{"line":220,"column":6},"end":{"line":229,"column":null}},"81":{"start":{"line":223,"column":52},"end":{"line":223,"column":67}},"82":{"start":{"line":225,"column":40},"end":{"line":225,"column":65}},"83":{"start":{"line":233,"column":6},"end":{"line":233,"column":null}},"84":{"start":{"line":234,"column":6},"end":{"line":234,"column":null}},"85":{"start":{"line":235,"column":6},"end":{"line":235,"column":null}},"86":{"start":{"line":235,"column":30},"end":{"line":235,"column":null}},"87":{"start":{"line":236,"column":6},"end":{"line":236,"column":null}},"88":{"start":{"line":240,"column":6},"end":{"line":240,"column":null}},"89":{"start":{"line":240,"column":30},"end":{"line":240,"column":null}},"90":{"start":{"line":241,"column":6},"end":{"line":241,"column":null}},"91":{"start":{"line":245,"column":6},"end":{"line":245,"column":null}},"92":{"start":{"line":247,"column":6},"end":{"line":258,"column":null}},"93":{"start":{"line":248,"column":8},"end":{"line":256,"column":null}},"94":{"start":{"line":249,"column":10},"end":{"line":249,"column":null}},"95":{"start":{"line":252,"column":10},"end":{"line":255,"column":null}},"96":{"start":{"line":257,"column":8},"end":{"line":257,"column":null}},"97":{"start":{"line":263,"column":6},"end":{"line":263,"column":null}}},"fnMap":{"0":{"name":"mesmaCor","decl":{"start":{"line":57,"column":9},"end":{"line":57,"column":18}},"loc":{"start":{"line":57,"column":43},"end":{"line":59,"column":null}},"line":57},"1":{"name":"criarSaídaDMX","decl":{"start":{"line":61,"column":16},"end":{"line":61,"column":30}},"loc":{"start":{"line":61,"column":63},"end":{"line":266,"column":null}},"line":61},"2":{"name":"lerMesa","decl":{"start":{"line":69,"column":17},"end":{"line":69,"column":58}},"loc":{"start":{"line":69,"column":58},"end":{"line":81,"column":null}},"line":69},"3":{"name":"(anonymous_3)","decl":{"start":{"line":79,"column":43},"end":{"line":79,"column":48}},"loc":{"start":{"line":79,"column":54},"end":{"line":79,"column":70}},"line":79},"4":{"name":"relatarFalhaDeResolução","decl":{"start":{"line":83,"column":11},"end":{"line":83,"column":35}},"loc":{"start":{"line":83,"column":89},"end":{"line":89,"column":null}},"line":83},"5":{"name":"escreverCor","decl":{"start":{"line":91,"column":11},"end":{"line":91,"column":23}},"loc":{"start":{"line":91,"column":42},"end":{"line":118,"column":null}},"line":91},"6":{"name":"executarPlano","decl":{"start":{"line":127,"column":17},"end":{"line":127,"column":48}},"loc":{"start":{"line":127,"column":48},"end":{"line":191,"column":null}},"line":127},"7":{"name":"enfileirar","decl":{"start":{"line":194,"column":11},"end":{"line":194,"column":39}},"loc":{"start":{"line":194,"column":39},"end":{"line":199,"column":null}},"line":194},"8":{"name":"(anonymous_8)","decl":{"start":{"line":195,"column":50},"end":{"line":195,"column":57}},"loc":{"start":{"line":195,"column":72},"end":{"line":197,"column":5}},"line":195},"9":{"name":"(anonymous_9)","decl":{"start":{"line":202,"column":4},"end":{"line":202,"column":18}},"loc":{"start":{"line":202,"column":18},"end":{"line":202,"column":null}},"line":202},"10":{"name":"registrarInventário","decl":{"start":{"line":204,"column":10},"end":{"line":204,"column":32}},"loc":{"start":{"line":204,"column":32},"end":{"line":230,"column":null}},"line":204},"11":{"name":"(anonymous_11)","decl":{"start":{"line":223,"column":38},"end":{"line":223,"column":46}},"loc":{"start":{"line":223,"column":52},"end":{"line":223,"column":67}},"line":223},"12":{"name":"(anonymous_12)","decl":{"start":{"line":225,"column":26},"end":{"line":225,"column":31}},"loc":{"start":{"line":225,"column":40},"end":{"line":225,"column":65}},"line":225},"13":{"name":"aoReconectar","decl":{"start":{"line":232,"column":4},"end":{"line":232,"column":19}},"loc":{"start":{"line":232,"column":19},"end":{"line":237,"column":null}},"line":232},"14":{"name":"reprocessar","decl":{"start":{"line":239,"column":4},"end":{"line":239,"column":18}},"loc":{"start":{"line":239,"column":18},"end":{"line":242,"column":null}},"line":239},"15":{"name":"aoEvento","decl":{"start":{"line":244,"column":4},"end":{"line":244,"column":13}},"loc":{"start":{"line":244,"column":21},"end":{"line":264,"column":null}},"line":244}},"branchMap":{"0":{"loc":{"start":{"line":58,"column":9},"end":{"line":58,"column":null}},"type":"binary-expr","locations":[{"start":{"line":58,"column":9},"end":{"line":58,"column":24}},{"start":{"line":58,"column":24},"end":{"line":58,"column":39}},{"start":{"line":58,"column":39},"end":{"line":58,"column":null}}],"line":58},"1":{"loc":{"start":{"line":71,"column":4},"end":{"line":71,"column":null}},"type":"if","locations":[{"start":{"line":71,"column":4},"end":{"line":71,"column":null}},{"start":{},"end":{}}],"line":71},"2":{"loc":{"start":{"line":73,"column":4},"end":{"line":73,"column":null}},"type":"if","locations":[{"start":{"line":73,"column":4},"end":{"line":73,"column":null}},{"start":{},"end":{}}],"line":73},"3":{"loc":{"start":{"line":86,"column":4},"end":{"line":86,"column":null}},"type":"if","locations":[{"start":{"line":86,"column":4},"end":{"line":86,"column":null}},{"start":{},"end":{}}],"line":86},"4":{"loc":{"start":{"line":93,"column":4},"end":{"line":99,"column":null}},"type":"if","locations":[{"start":{"line":93,"column":4},"end":{"line":99,"column":null}},{"start":{},"end":{}}],"line":93},"5":{"loc":{"start":{"line":107,"column":6},"end":{"line":107,"column":null}},"type":"cond-expr","locations":[{"start":{"line":107,"column":18},"end":{"line":107,"column":45}},{"start":{"line":107,"column":45},"end":{"line":107,"column":null}}],"line":107},"6":{"loc":{"start":{"line":132,"column":6},"end":{"line":132,"column":null}},"type":"if","locations":[{"start":{"line":132,"column":6},"end":{"line":132,"column":null}},{"start":{},"end":{}}],"line":132},"7":{"loc":{"start":{"line":135,"column":8},"end":{"line":139,"column":null}},"type":"if","locations":[{"start":{"line":135,"column":8},"end":{"line":139,"column":null}},{"start":{},"end":{}}],"line":135},"8":{"loc":{"start":{"line":137,"column":10},"end":{"line":137,"column":null}},"type":"if","locations":[{"start":{"line":137,"column":10},"end":{"line":137,"column":null}},{"start":{},"end":{}}],"line":137},"9":{"loc":{"start":{"line":141,"column":8},"end":{"line":160,"column":null}},"type":"if","locations":[{"start":{"line":141,"column":8},"end":{"line":160,"column":null}},{"start":{},"end":{}}],"line":141},"10":{"loc":{"start":{"line":143,"column":10},"end":{"line":152,"column":null}},"type":"if","locations":[{"start":{"line":143,"column":10},"end":{"line":152,"column":null}},{"start":{},"end":{}}],"line":143},"11":{"loc":{"start":{"line":146,"column":14},"end":{"line":148,"column":null}},"type":"cond-expr","locations":[{"start":{"line":147,"column":18},"end":{"line":147,"column":null}},{"start":{"line":148,"column":18},"end":{"line":148,"column":null}}],"line":146},"12":{"loc":{"start":{"line":162,"column":8},"end":{"line":166,"column":null}},"type":"if","locations":[{"start":{"line":162,"column":8},"end":{"line":166,"column":null}},{"start":{},"end":{}}],"line":162},"13":{"loc":{"start":{"line":164,"column":10},"end":{"line":164,"column":null}},"type":"if","locations":[{"start":{"line":164,"column":10},"end":{"line":164,"column":null}},{"start":{},"end":{}}],"line":164},"14":{"loc":{"start":{"line":168,"column":8},"end":{"line":180,"column":null}},"type":"if","locations":[{"start":{"line":168,"column":8},"end":{"line":180,"column":null}},{"start":{},"end":{}}],"line":168},"15":{"loc":{"start":{"line":172,"column":10},"end":{"line":172,"column":null}},"type":"if","locations":[{"start":{"line":172,"column":10},"end":{"line":172,"column":null}},{"start":{},"end":{}}],"line":172},"16":{"loc":{"start":{"line":175,"column":10},"end":{"line":178,"column":null}},"type":"if","locations":[{"start":{"line":175,"column":10},"end":{"line":178,"column":null}},{"start":{},"end":{}}],"line":175},"17":{"loc":{"start":{"line":182,"column":8},"end":{"line":188,"column":null}},"type":"if","locations":[{"start":{"line":182,"column":8},"end":{"line":188,"column":null}},{"start":{},"end":{}}],"line":182},"18":{"loc":{"start":{"line":184,"column":10},"end":{"line":184,"column":null}},"type":"if","locations":[{"start":{"line":184,"column":10},"end":{"line":184,"column":null}},{"start":{},"end":{}}],"line":184},"19":{"loc":{"start":{"line":196,"column":24},"end":{"line":196,"column":67}},"type":"cond-expr","locations":[{"start":{"line":196,"column":45},"end":{"line":196,"column":57}},{"start":{"line":196,"column":57},"end":{"line":196,"column":67}}],"line":196},"20":{"loc":{"start":{"line":212,"column":6},"end":{"line":215,"column":null}},"type":"if","locations":[{"start":{"line":212,"column":6},"end":{"line":215,"column":null}},{"start":{},"end":{}}],"line":212},"21":{"loc":{"start":{"line":217,"column":20},"end":{"line":217,"column":null}},"type":"cond-expr","locations":[{"start":{"line":217,"column":34},"end":{"line":217,"column":58}},{"start":{"line":217,"column":58},"end":{"line":217,"column":null}}],"line":217},"22":{"loc":{"start":{"line":218,"column":19},"end":{"line":218,"column":null}},"type":"cond-expr","locations":[{"start":{"line":218,"column":34},"end":{"line":218,"column":59}},{"start":{"line":218,"column":59},"end":{"line":218,"column":null}}],"line":218},"23":{"loc":{"start":{"line":222,"column":18},"end":{"line":222,"column":null}},"type":"cond-expr","locations":[{"start":{"line":222,"column":30},"end":{"line":222,"column":55}},{"start":{"line":222,"column":55},"end":{"line":222,"column":null}}],"line":222},"24":{"loc":{"start":{"line":225,"column":49},"end":{"line":225,"column":65}},"type":"binary-expr","locations":[{"start":{"line":225,"column":49},"end":{"line":225,"column":60}},{"start":{"line":225,"column":60},"end":{"line":225,"column":65}}],"line":225},"25":{"loc":{"start":{"line":235,"column":6},"end":{"line":235,"column":null}},"type":"if","locations":[{"start":{"line":235,"column":6},"end":{"line":235,"column":null}},{"start":{},"end":{}}],"line":235},"26":{"loc":{"start":{"line":240,"column":6},"end":{"line":240,"column":null}},"type":"if","locations":[{"start":{"line":240,"column":6},"end":{"line":240,"column":null}},{"start":{},"end":{}}],"line":240},"27":{"loc":{"start":{"line":247,"column":6},"end":{"line":258,"column":null}},"type":"if","locations":[{"start":{"line":247,"column":6},"end":{"line":258,"column":null}},{"start":{},"end":{}}],"line":247},"28":{"loc":{"start":{"line":248,"column":8},"end":{"line":256,"column":null}},"type":"if","locations":[{"start":{"line":248,"column":8},"end":{"line":256,"column":null}},{"start":{},"end":{}}],"line":248}},"s":{"0":1,"1":16,"2":10,"3":10,"4":10,"5":10,"6":10,"7":27,"8":27,"9":0,"10":27,"11":27,"12":0,"13":27,"14":648,"15":1,"16":0,"17":1,"18":1,"19":18,"20":18,"21":2,"22":2,"23":16,"24":16,"25":18,"26":18,"27":19,"28":19,"29":19,"30":46,"31":46,"32":0,"33":46,"34":62,"35":19,"36":19,"37":0,"38":19,"39":43,"40":9,"41":9,"42":1,"43":1,"44":8,"45":8,"46":8,"47":8,"48":34,"49":8,"50":8,"51":0,"52":8,"53":26,"54":8,"55":8,"56":0,"57":8,"58":8,"59":8,"60":0,"61":0,"62":8,"63":18,"64":18,"65":18,"66":2,"67":16,"68":16,"69":19,"70":0,"71":19,"72":10,"73":10,"74":0,"75":0,"76":0,"77":0,"78":0,"79":0,"80":0,"81":0,"82":0,"83":2,"84":2,"85":2,"86":1,"87":1,"88":1,"89":0,"90":1,"91":19,"92":19,"93":2,"94":1,"95":1,"96":2,"97":17},"f":{"0":16,"1":10,"2":27,"3":648,"4":1,"5":18,"6":19,"7":19,"8":0,"9":10,"10":0,"11":0,"12":0,"13":2,"14":1,"15":19},"b":{"0":[16,1,1],"1":[0,27],"2":[0,27],"3":[0,1],"4":[2,16],"5":[1,15],"6":[0,46],"7":[19,43],"8":[0,19],"9":[9,34],"10":[1,8],"11":[0,1],"12":[8,26],"13":[0,8],"14":[8,18],"15":[0,8],"16":[0,8],"17":[18,0],"18":[2,16],"19":[0,0],"20":[0,0],"21":[0,0],"22":[0,0],"23":[0,0],"24":[0,0],"25":[1,1],"26":[0,1],"27":[2,17],"28":[1,1]},"meta":{"lastBranch":29,"lastFunction":16,"lastStatement":98,"seen":{"s:55:20:55:Infinity":0,"f:57:9:57:18":0,"s:58:2:58:Infinity":1,"b:58:9:58:24:58:24:58:39:58:39:58:Infinity":0,"f:61:16:61:30":1,"s:62:39:62:Infinity":2,"s:64:15:64:29":3,"s:65:35:65:Infinity":4,"s:66:21:66:Infinity":5,"s:67:31:67:Infinity":6,"f:69:17:69:58":2,"s:70:19:70:Infinity":7,"b:71:4:71:Infinity:undefined:undefined:undefined:undefined":1,"s:71:4:71:Infinity":8,"s:71:20:71:Infinity":9,"s:72:19:72:Infinity":10,"b:73:4:73:Infinity:undefined:undefined:undefined:undefined":2,"s:73:4:73:Infinity":11,"s:73:20:73:Infinity":12,"s:75:4:80:Infinity":13,"f:79:43:79:48":3,"s:79:54:79:70":14,"f:83:11:83:35":4,"b:86:4:86:Infinity:undefined:undefined:undefined:undefined":3,"s:86:4:86:Infinity":15,"s:86:42:86:Infinity":16,"s:87:4:87:Infinity":17,"s:88:4:88:Infinity":18,"f:91:11:91:23":5,"s:92:14:92:Infinity":19,"b:93:4:99:Infinity:undefined:undefined:undefined:undefined":4,"s:93:4:99:Infinity":20,"s:94:6:97:Infinity":21,"s:98:6:98:Infinity":22,"s:104:22:104:Infinity":23,"s:105:4:108:Infinity":24,"b:107:18:107:45:107:45:107:Infinity":5,"s:109:4:116:Infinity":25,"s:117:4:117:Infinity":26,"f:127:17:127:48":6,"s:128:37:128:Infinity":27,"s:130:4:190:Infinity":28,"s:130:21:130:24":29,"s:131:20:131:Infinity":30,"b:132:6:132:Infinity:undefined:undefined:undefined:undefined":6,"s:132:6:132:Infinity":31,"s:132:30:132:Infinity":32,"s:134:6:189:Infinity":33,"b:135:8:139:Infinity:undefined:undefined:undefined:undefined":7,"s:135:8:139:Infinity":34,"s:136:10:136:Infinity":35,"b:137:10:137:Infinity:undefined:undefined:undefined:undefined":8,"s:137:10:137:Infinity":36,"s:137:29:137:Infinity":37,"s:138:10:138:Infinity":38,"b:141:8:160:Infinity:undefined:undefined:undefined:undefined":9,"s:141:8:160:Infinity":39,"s:142:20:142:Infinity":40,"b:143:10:152:Infinity:undefined:undefined:undefined:undefined":10,"s:143:10:152:Infinity":41,"s:144:12:150:Infinity":42,"b:147:18:147:Infinity:148:18:148:Infinity":11,"s:151:12:151:Infinity":43,"s:153:10:153:Infinity":44,"s:154:10:154:Infinity":45,"s:155:10:158:Infinity":46,"s:159:10:159:Infinity":47,"b:162:8:166:Infinity:undefined:undefined:undefined:undefined":12,"s:162:8:166:Infinity":48,"s:163:24:163:Infinity":49,"b:164:10:164:Infinity:undefined:undefined:undefined:undefined":13,"s:164:10:164:Infinity":50,"s:164:25:164:Infinity":51,"s:165:10:165:Infinity":52,"b:168:8:180:Infinity:undefined:undefined:undefined:undefined":14,"s:168:8:180:Infinity":53,"s:171:23:171:Infinity":54,"b:172:10:172:Infinity:undefined:undefined:undefined:undefined":15,"s:172:10:172:Infinity":55,"s:172:29:172:Infinity":56,"s:173:10:173:Infinity":57,"s:174:27:174:Infinity":58,"b:175:10:178:Infinity:undefined:undefined:undefined:undefined":16,"s:175:10:178:Infinity":59,"s:176:12:176:Infinity":60,"s:177:12:177:Infinity":61,"s:179:10:179:Infinity":62,"b:182:8:188:Infinity:undefined:undefined:undefined:undefined":17,"s:182:8:188:Infinity":63,"s:183:22:183:Infinity":64,"b:184:10:184:Infinity:undefined:undefined:undefined:undefined":18,"s:184:10:184:Infinity":65,"s:184:33:184:Infinity":66,"s:186:10:186:Infinity":67,"s:187:10:187:Infinity":68,"f:194:11:194:39":7,"s:195:4:197:Infinity":69,"f:195:50:195:57":8,"s:196:6:196:Infinity":70,"b:196:45:196:57:196:57:196:67":19,"s:198:4:198:Infinity":71,"s:201:2:265:Infinity":72,"f:202:4:202:18":9,"s:202:18:202:Infinity":73,"f:204:10:204:32":10,"s:205:52:210:Infinity":74,"b:212:6:215:Infinity:undefined:undefined:undefined:undefined":20,"s:212:6:215:Infinity":75,"s:213:8:213:Infinity":76,"s:214:8:214:Infinity":77,"s:217:20:217:Infinity":78,"b:217:34:217:58:217:58:217:Infinity":21,"s:218:19:218:Infinity":79,"b:218:34:218:59:218:59:218:Infinity":22,"s:220:6:229:Infinity":80,"b:222:30:222:55:222:55:222:Infinity":23,"f:223:38:223:46":11,"s:223:52:223:67":81,"f:225:26:225:31":12,"s:225:40:225:65":82,"b:225:49:225:60:225:60:225:65":24,"f:232:4:232:19":13,"s:233:6:233:Infinity":83,"s:234:6:234:Infinity":84,"b:235:6:235:Infinity:undefined:undefined:undefined:undefined":25,"s:235:6:235:Infinity":85,"s:235:30:235:Infinity":86,"s:236:6:236:Infinity":87,"f:239:4:239:18":14,"b:240:6:240:Infinity:undefined:undefined:undefined:undefined":26,"s:240:6:240:Infinity":88,"s:240:30:240:Infinity":89,"s:241:6:241:Infinity":90,"f:244:4:244:13":15,"s:245:6:245:Infinity":91,"b:247:6:258:Infinity:undefined:undefined:undefined:undefined":27,"s:247:6:258:Infinity":92,"b:248:8:256:Infinity:undefined:undefined:undefined:undefined":28,"s:248:8:256:Infinity":93,"s:249:10:249:Infinity":94,"s:252:10:255:Infinity":95,"s:257:8:257:Infinity":96,"s:263:6:263:Infinity":97},"fnNames":{}}}
,"/mnt/E0AE8F90AE8F5DC2/pessoal/freestyler-holyrics/tests/fixtures/freestyler-responses.ts": {"path":"/mnt/E0AE8F90AE8F5DC2/pessoal/freestyler-holyrics/tests/fixtures/freestyler-responses.ts","statementMap":{"0":{"start":{"line":13,"column":2},"end":{"line":17,"column":null}},"1":{"start":{"line":21,"column":30},"end":{"line":21,"column":null}},"2":{"start":{"line":29,"column":30},"end":{"line":32,"column":null}},"3":{"start":{"line":35,"column":41},"end":{"line":38,"column":null}},"4":{"start":{"line":46,"column":41},"end":{"line":49,"column":null}},"5":{"start":{"line":52,"column":41},"end":{"line":55,"column":null}},"6":{"start":{"line":58,"column":32},"end":{"line":61,"column":null}},"7":{"start":{"line":64,"column":33},"end":{"line":64,"column":null}},"8":{"start":{"line":67,"column":44},"end":{"line":67,"column":null}},"9":{"start":{"line":70,"column":25},"end":{"line":70,"column":null}},"10":{"start":{"line":73,"column":32},"end":{"line":73,"column":null}},"11":{"start":{"line":76,"column":36},"end":{"line":76,"column":null}},"12":{"start":{"line":84,"column":53},"end":{"line":91,"column":null}}},"fnMap":{"0":{"name":"envelope","decl":{"start":{"line":12,"column":9},"end":{"line":12,"column":18}},"loc":{"start":{"line":12,"column":65},"end":{"line":18,"column":null}},"line":12}},"branchMap":{},"s":{"0":18,"1":2,"2":2,"3":2,"4":2,"5":2,"6":2,"7":2,"8":2,"9":2,"10":2,"11":2,"12":2},"f":{"0":18},"b":{},"meta":{"lastBranch":0,"lastFunction":1,"lastStatement":13,"seen":{"f:12:9:12:18":0,"s:13:2:17:Infinity":0,"s:21:30:21:Infinity":1,"s:29:30:32:Infinity":2,"s:35:41:38:Infinity":3,"s:46:41:49:Infinity":4,"s:52:41:55:Infinity":5,"s:58:32:61:Infinity":6,"s:64:33:64:Infinity":7,"s:67:44:67:Infinity":8,"s:70:25:70:Infinity":9,"s:73:32:73:Infinity":10,"s:76:36:76:Infinity":11,"s:84:53:91:Infinity":12},"fnNames":{}}}
,"/mnt/E0AE8F90AE8F5DC2/pessoal/freestyler-holyrics/tests/fixtures/holyrics-responses.ts": {"path":"/mnt/E0AE8F90AE8F5DC2/pessoal/freestyler-holyrics/tests/fixtures/holyrics-responses.ts","statementMap":{"0":{"start":{"line":16,"column":26},"end":{"line":28,"column":null}},"1":{"start":{"line":31,"column":29},"end":{"line":34,"column":null}},"2":{"start":{"line":36,"column":45},"end":{"line":39,"column":null}},"3":{"start":{"line":41,"column":33},"end":{"line":41,"column":null}},"4":{"start":{"line":51,"column":28},"end":{"line":63,"column":null}},"5":{"start":{"line":66,"column":28},"end":{"line":66,"column":null}},"6":{"start":{"line":69,"column":33},"end":{"line":69,"column":null}},"7":{"start":{"line":72,"column":39},"end":{"line":75,"column":null}},"8":{"start":{"line":77,"column":30},"end":{"line":88,"column":null}},"9":{"start":{"line":91,"column":37},"end":{"line":99,"column":null}},"10":{"start":{"line":102,"column":32},"end":{"line":102,"column":null}},"11":{"start":{"line":104,"column":23},"end":{"line":113,"column":null}},"12":{"start":{"line":115,"column":28},"end":{"line":118,"column":null}},"13":{"start":{"line":120,"column":25},"end":{"line":120,"column":null}},"14":{"start":{"line":126,"column":33},"end":{"line":126,"column":null}},"15":{"start":{"line":128,"column":28},"end":{"line":128,"column":null}}},"fnMap":{},"branchMap":{},"s":{"0":1,"1":1,"2":1,"3":1,"4":1,"5":1,"6":1,"7":1,"8":1,"9":1,"10":1,"11":1,"12":1,"13":1,"14":1,"15":1},"f":{},"b":{},"meta":{"lastBranch":0,"lastFunction":0,"lastStatement":16,"seen":{"s:16:26:28:Infinity":0,"s:31:29:34:Infinity":1,"s:36:45:39:Infinity":2,"s:41:33:41:Infinity":3,"s:51:28:63:Infinity":4,"s:66:28:66:Infinity":5,"s:69:33:69:Infinity":6,"s:72:39:75:Infinity":7,"s:77:30:88:Infinity":8,"s:91:37:99:Infinity":9,"s:102:32:102:Infinity":10,"s:104:23:113:Infinity":11,"s:115:28:118:Infinity":12,"s:120:25:120:Infinity":13,"s:126:33:126:Infinity":14,"s:128:28:128:Infinity":15},"fnNames":{}}}
}
